<?xml version="1.0" encoding="UTF-8"?>
<testExecutions version="1">
  <file path="/home/toofytroll/Projets/chartman2/frontend-next/test/pages/admin/article/index.spec.js">
    <testCase name="AdminArticle &gt;&gt; Vue component" duration="36"/>
    <testCase name="AdminArticle &gt;&gt; asyncData - posts.findAll" duration="37"/>
  </file>
  <file path="/home/toofytroll/Projets/chartman2/frontend-next/test/pages/error.spec.js">
    <testCase name="ErrorPage &gt;&gt; Vue component" duration="200"/>
    <testCase name="ErrorPage &gt;&gt; data" duration="93"/>
  </file>
  <file path="/home/toofytroll/Projets/chartman2/frontend-next/test/pages/admin/index.spec.js">
    <testCase name="IndexAdmin &gt;&gt; Vue component" duration="93"/>
    <testCase name="IndexAdmin &gt;&gt; onLoginDone" duration="67"/>
  </file>
  <file path="/home/toofytroll/Projets/chartman2/frontend-next/test/components/Home/HomeCategoryList.spec.js">
    <testCase name="HomeCategoryList &gt;&gt; Vue component" duration="88"/>
    <testCase name="HomeCategoryList &gt;&gt; pathNew getter" duration="31"/>
    <testCase name="HomeCategoryList &gt;&gt; pathEdit getter" duration="13"/>
    <testCase name="HomeCategoryList &gt;&gt; confirmDestroy" duration="19"/>
    <testCase name="HomeCategoryList &gt;&gt; edit" duration="16"/>
    <testCase name="HomeCategoryList &gt;&gt; destroy" duration="53"/>
  </file>
  <file path="/home/toofytroll/Projets/chartman2/frontend-next/test/pages/admin/category/new.spec.js">
    <testCase name="AdminCategoryNew &gt;&gt; Vue component" duration="66"/>
    <testCase name="AdminCategoryNew &gt;&gt; submitForm" duration="70"/>
    <testCase name="AdminCategoryNew &gt;&gt; router.back" duration="27"/>
    <testCase name="AdminCategoryNew &gt;&gt; rule" duration="26"/>
  </file>
  <file path="/home/toofytroll/Projets/chartman2/frontend-next/test/pages/admin/category/_id.spec.js">
    <testCase name="AdminCategoryId &gt;&gt; Vue component" duration="82"/>
    <testCase name="AdminCategoryId &gt;&gt; asyncData - categories.find" duration="59"/>
    <testCase name="AdminCategoryId &gt;&gt; initialize" duration="19"/>
    <testCase name="AdminCategoryId &gt;&gt; submitForm" duration="28"/>
    <testCase name="AdminCategoryId &gt;&gt; router.back" duration="29"/>
    <testCase name="AdminCategoryId &gt;&gt; rule" duration="15"/>
  </file>
  <file path="/home/toofytroll/Projets/chartman2/frontend-next/test/components/Base/BaseInformation.spec.js">
    <testCase name="BaseInformation &gt;&gt; Vue component" duration="44"/>
    <testCase name="BaseInformation &gt;&gt; avatarColor getter" duration="7"/>
    <testCase name="BaseInformation &gt;&gt; typeIconImage getter" duration="7"/>
    <testCase name="BaseInformation &gt;&gt; icon getter" duration="10"/>
    <testCase name="BaseInformation &gt;&gt; iconColor getter" duration="7"/>
    <testCase name="BaseInformation &gt;&gt; iconHeight getter" duration="22"/>
    <testCase name="BaseInformation &gt;&gt; image getter" duration="9"/>
    <testCase name="BaseInformation &gt;&gt; text getter" duration="9"/>
    <testCase name="BaseInformation &gt;&gt; textContentClass getter" duration="13"/>
    <testCase name="BaseInformation &gt;&gt; content getter" duration="43"/>
    <testCase name="BaseInformation &gt;&gt; textClass getter" duration="7"/>
  </file>
  <file path="/home/toofytroll/Projets/chartman2/frontend-next/test/components/Blog/BlogInformation.spec.js">
    <testCase name="BlogInformation &gt;&gt; Vue component" duration="114"/>
    <testCase name="BlogInformation &gt;&gt; itemTypeOf" duration="121"/>
  </file>
  <file path="/home/toofytroll/Projets/chartman2/frontend-next/test/components/Home/Login.spec.js">
    <testCase name="Login &gt;&gt; Vue component" duration="164"/>
    <testCase name="Login &gt;&gt; userLogin" duration="64"/>
    <testCase name="Login &gt;&gt; logout" duration="14"/>
    <testCase name="Login &gt;&gt; setUserToken" duration="21"/>
    <testCase name="Login &gt;&gt; Emit - onLoginDone" duration="16"/>
    <testCase name="Login &gt;&gt; rules" duration="19"/>
  </file>
  <file path="/home/toofytroll/Projets/chartman2/frontend-next/test/components/Blog/Skills.spec.js">
    <testCase name="Skills &gt;&gt; Vue component" duration="73"/>
    <testCase name="Skills &gt;&gt; itemTypeOf" duration="28"/>
  </file>
  <file path="/home/toofytroll/Projets/chartman2/frontend-next/test/components/Home/Register.spec.js">
    <testCase name="Register &gt;&gt; Vue component" duration="15"/>
    <testCase name="Register &gt;&gt; passwordMatch" duration="18"/>
    <testCase name="Register &gt;&gt; register" duration="10"/>
    <testCase name="Register &gt;&gt; rules" duration="14"/>
    <testCase name="Register &gt;&gt; passwordMatch" duration="16"/>
  </file>
  <file path="/home/toofytroll/Projets/chartman2/frontend-next/test/components/Blog/Presentation.spec.js">
    <testCase name="Presentation &gt;&gt; Vue component" duration="141"/>
    <testCase name="Presentation &gt;&gt; getCategories" duration="73"/>
    <testCase name="Presentation &gt;&gt; getCategoryId" duration="95"/>
    <testCase name="Presentation &gt;&gt; goTo" duration="23"/>
    <testCase name="Presentation &gt;&gt; maxHeight" duration="18"/>
  </file>
  <file path="/home/toofytroll/Projets/chartman2/frontend-next/test/pages/default.spec.js">
    <testCase name="DefaultPage &gt;&gt; Vue component" duration="1"/>
  </file>
  <file path="/home/toofytroll/Projets/chartman2/frontend-next/test/pages/tutorials/category/_id.spec.js">
    <testCase name="TutorialsCategory &gt;&gt; Vue component" duration="11"/>
    <testCase name="TutorialsCategory &gt;&gt; asyncData - articles.category" duration="32"/>
    <testCase name="TutorialsCategory &gt;&gt; head" duration="12"/>
    <testCase name="TutorialsCategory &gt;&gt; goToArticle" duration="10"/>
    <testCase name="TutorialsCategory &gt;&gt; router.back" duration="9"/>
  </file>
  <file path="/home/toofytroll/Projets/chartman2/frontend-next/test/components/Home/HomeList.spec.js">
    <testCase name="HomeList &gt;&gt; Vue component" duration="15"/>
    <testCase name="HomeList &gt;&gt; itemComponentInstance getter" duration="11"/>
    <testCase name="HomeList &gt;&gt; pathNew getter" duration="12"/>
    <testCase name="HomeList &gt;&gt; router.back" duration="21"/>
  </file>
  <file path="/home/toofytroll/Projets/chartman2/frontend-next/test/pages/admin/cards.spec.js">
    <testCase name="CardsAdmin &gt;&gt; Vue component" duration="23"/>
  </file>
  <file path="/home/toofytroll/Projets/chartman2/frontend-next/test/pages/admin/article/new.spec.js">
    <testCase name="AdminArticleNew &gt;&gt; Vue component" duration="148"/>
    <testCase name="AdminArticleNew &gt;&gt; asyncData - categories.findAll - posts.find" duration="99"/>
    <testCase name="AdminArticleNew &gt;&gt; submitForm" duration="57"/>
    <testCase name="AdminArticleNew &gt;&gt; router.back" duration="17"/>
    <testCase name="AdminArticleNew &gt;&gt; rules" duration="17"/>
  </file>
  <file path="/home/toofytroll/Projets/chartman2/frontend-next/test/pages/admin/category/index.spec.js">
    <testCase name="AdminCategory &gt;&gt; Vue component" duration="139"/>
    <testCase name="AdminCategory &gt;&gt; asyncData - categories.findAll" duration="32"/>
  </file>
  <file path="/home/toofytroll/Projets/chartman2/frontend-next/test/pages/redirect.spec.js">
    <testCase name="HomePage &gt;&gt; Vue component" duration="1"/>
    <testCase name="HomePage &gt;&gt; redirect" duration="0"/>
  </file>
  <file path="/home/toofytroll/Projets/chartman2/frontend-next/test/components/Home/View.spec.js">
    <testCase name="FadeView &gt;&gt; Vue component" duration="12"/>
  </file>
  <file path="/home/toofytroll/Projets/chartman2/frontend-next/test/pages/tutorials/index.spec.js">
    <testCase name="IndexTutorials &gt;&gt; Vue component" duration="14"/>
    <testCase name="IndexTutorials &gt;&gt; asyncData - articles.categories" duration="14"/>
    <testCase name="IndexTutorials &gt;&gt; goToCategory" duration="11"/>
    <testCase name="IndexTutorials &gt;&gt; router.back" duration="11"/>
  </file>
  <file path="/home/toofytroll/Projets/chartman2/frontend-next/test/pages/authenticate.spec.js">
    <testCase name="Authenticate &gt;&gt; Vue component" duration="2"/>
  </file>
  <file path="/home/toofytroll/Projets/chartman2/frontend-next/test/components/Home/HomeFooter.spec.js">
    <testCase name="HomeFooter &gt;&gt; Vue component" duration="26"/>
    <testCase name="HomeFooter &gt;&gt; social getter" duration="11"/>
  </file>
  <file path="/home/toofytroll/Projets/chartman2/frontend-next/test/components/Base/BaseImage.spec.js">
    <testCase name="BaseImage &gt;&gt; Vue component" duration="7"/>
  </file>
  <file path="/home/toofytroll/Projets/chartman2/frontend-next/test/components/Home/HomeNew.spec.js">
    <testCase name="HomeNew &gt;&gt; Vue component" duration="12"/>
    <testCase name="HomeNew &gt;&gt; pathNew getter" duration="9"/>
    <testCase name="HomeNew &gt;&gt; pathEdit getter" duration="39"/>
  </file>
  <file path="/home/toofytroll/Projets/chartman2/frontend-next/test/components/Base/BaseIcon.spec.js">
    <testCase name="BaseIcon &gt;&gt; Vue component" duration="7"/>
  </file>
  <file path="/home/toofytroll/Projets/chartman2/frontend-next/test/components/Base/BaseAvatar.spec.js">
    <testCase name="BaseAvatar &gt;&gt; Vue component" duration="40"/>
    <testCase name="BaseAvatar &gt;&gt; classes getter" duration="11"/>
    <testCase name="BaseAvatar &gt;&gt; outlineSize getter" duration="9"/>
    <testCase name="BaseAvatar &gt;&gt; styles getter" duration="8"/>
  </file>
  <file path="/home/toofytroll/Projets/chartman2/frontend-next/test/pages/admin/article/_id.spec.js">
    <testCase name="AdminArticleId &gt;&gt; Vue component" duration="168"/>
    <testCase name="AdminArticleId &gt;&gt; asyncData - categories.findAll - posts.find" duration="76"/>
    <testCase name="AdminArticleId &gt;&gt; initialize" duration="55"/>
    <testCase name="AdminArticleId &gt;&gt; submitForm" duration="67"/>
    <testCase name="AdminArticleId &gt;&gt; router.back" duration="63"/>
    <testCase name="AdminArticleId &gt;&gt; rules" duration="33"/>
  </file>
  <file path="/home/toofytroll/Projets/chartman2/frontend-next/test/components/Home/HomeCard.spec.js">
    <testCase name="HomeCard &gt;&gt; Vue component" duration="19"/>
  </file>
  <file path="/home/toofytroll/Projets/chartman2/frontend-next/test/store/mainModule.spec.js">
    <testCase name="PostStore &gt;&gt; isSnackbarVisible" duration="1"/>
    <testCase name="PostStore &gt;&gt; getSnackbarText" duration="1"/>
    <testCase name="PostStore &gt;&gt; showSnackbar" duration="1"/>
    <testCase name="PostStore &gt;&gt; closeSnackbar" duration="0"/>
  </file>
  <file path="/home/toofytroll/Projets/chartman2/frontend-next/test/components/Home/HomeDrawer.spec.js">
    <testCase name="HomeDrawer &gt;&gt; Vue component" duration="6"/>
  </file>
  <file path="/home/toofytroll/Projets/chartman2/frontend-next/test/pages/index.spec.js">
    <testCase name="HomePage &gt;&gt; Vue component" duration="2"/>
  </file>
  <file path="/home/toofytroll/Projets/chartman2/frontend-next/test/components/Home/HomeArticleList.spec.js">
    <testCase name="HomeArticleList &gt;&gt; Vue component" duration="361"/>
    <testCase name="HomeArticleList &gt;&gt; pathNew getter" duration="92"/>
    <testCase name="HomeArticleList &gt;&gt; pathEdit getter" duration="83"/>
    <testCase name="HomeArticleList &gt;&gt; formatedCategories" duration="76"/>
    <testCase name="HomeArticleList &gt;&gt; confirmDestroy" duration="106"/>
    <testCase name="HomeArticleList &gt;&gt; edit" duration="132"/>
    <testCase name="HomeArticleList &gt;&gt; destroy" duration="98"/>
    <testCase name="HomeArticleList &gt;&gt; publish" duration="120"/>
    <testCase name="HomeArticleList &gt;&gt; getCategories" duration="150"/>
    <testCase name="HomeArticleList &gt;&gt; show" duration="151"/>
  </file>
  <file path="/home/toofytroll/Projets/chartman2/frontend-next/test/components/Base/BaseBtn.spec.js">
    <testCase name="BaseBtn &gt;&gt; Vue component" duration="7"/>
  </file>
  <file path="/home/toofytroll/Projets/chartman2/frontend-next/test/components/Home/HomeAppBar.spec.js">
    <testCase name="HomeAppBar &gt;&gt; Vue component" duration="21"/>
    <testCase name="HomeAppBar &gt;&gt; items getter" duration="15"/>
  </file>
  <file path="/home/toofytroll/Projets/chartman2/frontend-next/test/pages/tutorials/article/_id.spec.js">
    <testCase name="TutorialsArticle &gt;&gt; Vue component" duration="850"/>
    <testCase name="TutorialsArticle &gt;&gt; asyncData - articles.find" duration="259"/>
    <testCase name="TutorialsArticle &gt;&gt; head" duration="63"/>
    <testCase name="TutorialsArticle &gt;&gt; router.back" duration="51"/>
  </file>
</testExecutions>