<?xml version="1.0" encoding="UTF-8"?>
<testExecutions version="1">
  <file path="/home/toofytroll/Projets/chartman2/frontend-next/test/components/Blog/Presentation.spec.js">
    <testCase name="Presentation &gt;&gt; Vue component" duration="47"/>
    <testCase name="Presentation &gt;&gt; getCategories" duration="40"/>
    <testCase name="Presentation &gt;&gt; getCategoryId" duration="41"/>
    <testCase name="Presentation &gt;&gt; goTo" duration="56"/>
    <testCase name="Presentation &gt;&gt; maxHeight" duration="19"/>
  </file>
  <file path="/home/toofytroll/Projets/chartman2/frontend-next/test/pages/admin/category/_id.spec.js">
    <testCase name="AdminCategoryId &gt;&gt; Vue component" duration="70"/>
    <testCase name="AdminCategoryId &gt;&gt; asyncData - categories.find" duration="22"/>
    <testCase name="AdminCategoryId &gt;&gt; initialize" duration="30"/>
    <testCase name="AdminCategoryId &gt;&gt; submitForm" duration="60"/>
    <testCase name="AdminCategoryId &gt;&gt; router.back" duration="15"/>
    <testCase name="AdminCategoryId &gt;&gt; rule" duration="14"/>
  </file>
  <file path="/home/toofytroll/Projets/chartman2/frontend-next/test/components/Home/Login.spec.js">
    <testCase name="Login &gt;&gt; Vue component" duration="42"/>
    <testCase name="Login &gt;&gt; userLogin" duration="57"/>
    <testCase name="Login &gt;&gt; logout" duration="27"/>
    <testCase name="Login &gt;&gt; setUserToken" duration="18"/>
    <testCase name="Login &gt;&gt; Emit - onLoginDone" duration="60"/>
    <testCase name="Login &gt;&gt; rules" duration="28"/>
  </file>
  <file path="/home/toofytroll/Projets/chartman2/frontend-next/test/components/Home/HomeCategoryList.spec.js">
    <testCase name="HomeCategoryList &gt;&gt; Vue component" duration="52"/>
    <testCase name="HomeCategoryList &gt;&gt; pathNew getter" duration="14"/>
    <testCase name="HomeCategoryList &gt;&gt; pathEdit getter" duration="13"/>
    <testCase name="HomeCategoryList &gt;&gt; confirmDestroy" duration="19"/>
    <testCase name="HomeCategoryList &gt;&gt; edit" duration="62"/>
    <testCase name="HomeCategoryList &gt;&gt; destroy" duration="85"/>
  </file>
  <file path="/home/toofytroll/Projets/chartman2/frontend-next/test/pages/admin/article/index.spec.js">
    <testCase name="AdminArticle &gt;&gt; Vue component" duration="25"/>
    <testCase name="AdminArticle &gt;&gt; asyncData - posts.findAll" duration="12"/>
  </file>
  <file path="/home/toofytroll/Projets/chartman2/frontend-next/test/pages/tutorials/index.spec.js">
    <testCase name="IndexTutorials &gt;&gt; Vue component" duration="14"/>
    <testCase name="IndexTutorials &gt;&gt; asyncData - articles.categories" duration="17"/>
    <testCase name="IndexTutorials &gt;&gt; goToCategory" duration="12"/>
    <testCase name="IndexTutorials &gt;&gt; router.back" duration="12"/>
  </file>
  <file path="/home/toofytroll/Projets/chartman2/frontend-next/test/pages/admin/index.spec.js">
    <testCase name="IndexAdmin &gt;&gt; Vue component" duration="64"/>
    <testCase name="IndexAdmin &gt;&gt; onLoginDone" duration="61"/>
  </file>
  <file path="/home/toofytroll/Projets/chartman2/frontend-next/test/pages/admin/category/new.spec.js">
    <testCase name="AdminCategoryNew &gt;&gt; Vue component" duration="66"/>
    <testCase name="AdminCategoryNew &gt;&gt; submitForm" duration="53"/>
    <testCase name="AdminCategoryNew &gt;&gt; router.back" duration="13"/>
    <testCase name="AdminCategoryNew &gt;&gt; rule" duration="25"/>
  </file>
  <file path="/home/toofytroll/Projets/chartman2/frontend-next/test/pages/tutorials/category/_id.spec.js">
    <testCase name="TutorialsCategory &gt;&gt; Vue component" duration="16"/>
    <testCase name="TutorialsCategory &gt;&gt; asyncData - articles.category" duration="57"/>
    <testCase name="TutorialsCategory &gt;&gt; head" duration="19"/>
    <testCase name="TutorialsCategory &gt;&gt; goToArticle" duration="13"/>
    <testCase name="TutorialsCategory &gt;&gt; router.back" duration="12"/>
  </file>
  <file path="/home/toofytroll/Projets/chartman2/frontend-next/test/components/Blog/Skills.spec.js">
    <testCase name="Skills &gt;&gt; Vue component" duration="59"/>
    <testCase name="Skills &gt;&gt; itemTypeOf" duration="49"/>
  </file>
  <file path="/home/toofytroll/Projets/chartman2/frontend-next/test/components/Base/BaseAvatar.spec.js">
    <testCase name="BaseAvatar &gt;&gt; Vue component" duration="44"/>
    <testCase name="BaseAvatar &gt;&gt; classes getter" duration="22"/>
    <testCase name="BaseAvatar &gt;&gt; outlineSize getter" duration="38"/>
    <testCase name="BaseAvatar &gt;&gt; styles getter" duration="10"/>
  </file>
  <file path="/home/toofytroll/Projets/chartman2/frontend-next/test/store/mainModule.spec.js">
    <testCase name="PostStore &gt;&gt; isSnackbarVisible" duration="1"/>
    <testCase name="PostStore &gt;&gt; getSnackbarText" duration="1"/>
    <testCase name="PostStore &gt;&gt; showSnackbar" duration="2"/>
    <testCase name="PostStore &gt;&gt; closeSnackbar" duration="1"/>
  </file>
  <file path="/home/toofytroll/Projets/chartman2/frontend-next/test/components/Home/HomeList.spec.js">
    <testCase name="HomeList &gt;&gt; Vue component" duration="19"/>
    <testCase name="HomeList &gt;&gt; itemComponentInstance getter" duration="18"/>
    <testCase name="HomeList &gt;&gt; pathNew getter" duration="14"/>
    <testCase name="HomeList &gt;&gt; router.back" duration="42"/>
  </file>
  <file path="/home/toofytroll/Projets/chartman2/frontend-next/test/components/Home/Register.spec.js">
    <testCase name="Register &gt;&gt; Vue component" duration="27"/>
    <testCase name="Register &gt;&gt; passwordMatch" duration="19"/>
    <testCase name="Register &gt;&gt; register" duration="15"/>
    <testCase name="Register &gt;&gt; rules" duration="16"/>
    <testCase name="Register &gt;&gt; passwordMatch" duration="22"/>
  </file>
  <file path="/home/toofytroll/Projets/chartman2/frontend-next/test/pages/redirect.spec.js">
    <testCase name="HomePage &gt;&gt; Vue component" duration="2"/>
    <testCase name="HomePage &gt;&gt; redirect" duration="1"/>
  </file>
  <file path="/home/toofytroll/Projets/chartman2/frontend-next/test/pages/index.spec.js">
    <testCase name="HomePage &gt;&gt; Vue component" duration="3"/>
  </file>
  <file path="/home/toofytroll/Projets/chartman2/frontend-next/test/components/Blog/BlogInformation.spec.js">
    <testCase name="BlogInformation &gt;&gt; Vue component" duration="262"/>
    <testCase name="BlogInformation &gt;&gt; itemTypeOf" duration="193"/>
  </file>
  <file path="/home/toofytroll/Projets/chartman2/frontend-next/test/pages/error.spec.js">
    <testCase name="ErrorPage &gt;&gt; Vue component" duration="206"/>
    <testCase name="ErrorPage &gt;&gt; data" duration="150"/>
  </file>
  <file path="/home/toofytroll/Projets/chartman2/frontend-next/test/components/Base/BaseInformation.spec.js">
    <testCase name="BaseInformation &gt;&gt; Vue component" duration="29"/>
    <testCase name="BaseInformation &gt;&gt; avatarColor getter" duration="8"/>
    <testCase name="BaseInformation &gt;&gt; typeIconImage getter" duration="9"/>
    <testCase name="BaseInformation &gt;&gt; icon getter" duration="11"/>
    <testCase name="BaseInformation &gt;&gt; iconColor getter" duration="10"/>
    <testCase name="BaseInformation &gt;&gt; iconHeight getter" duration="12"/>
    <testCase name="BaseInformation &gt;&gt; image getter" duration="57"/>
    <testCase name="BaseInformation &gt;&gt; text getter" duration="14"/>
    <testCase name="BaseInformation &gt;&gt; textContentClass getter" duration="31"/>
    <testCase name="BaseInformation &gt;&gt; content getter" duration="23"/>
    <testCase name="BaseInformation &gt;&gt; textClass getter" duration="18"/>
  </file>
  <file path="/home/toofytroll/Projets/chartman2/frontend-next/test/components/Home/HomeAppBar.spec.js">
    <testCase name="HomeAppBar &gt;&gt; Vue component" duration="43"/>
    <testCase name="HomeAppBar &gt;&gt; items getter" duration="21"/>
  </file>
  <file path="/home/toofytroll/Projets/chartman2/frontend-next/test/components/Home/HomeNew.spec.js">
    <testCase name="HomeNew &gt;&gt; Vue component" duration="28"/>
    <testCase name="HomeNew &gt;&gt; pathNew getter" duration="16"/>
    <testCase name="HomeNew &gt;&gt; pathEdit getter" duration="11"/>
  </file>
  <file path="/home/toofytroll/Projets/chartman2/frontend-next/test/pages/default.spec.js">
    <testCase name="DefaultPage &gt;&gt; Vue component" duration="23"/>
  </file>
  <file path="/home/toofytroll/Projets/chartman2/frontend-next/test/components/Base/BaseIcon.spec.js">
    <testCase name="BaseIcon &gt;&gt; Vue component" duration="7"/>
  </file>
  <file path="/home/toofytroll/Projets/chartman2/frontend-next/test/components/Home/HomeFooter.spec.js">
    <testCase name="HomeFooter &gt;&gt; Vue component" duration="19"/>
    <testCase name="HomeFooter &gt;&gt; social getter" duration="34"/>
  </file>
  <file path="/home/toofytroll/Projets/chartman2/frontend-next/test/pages/admin/category/index.spec.js">
    <testCase name="AdminCategory &gt;&gt; Vue component" duration="59"/>
    <testCase name="AdminCategory &gt;&gt; asyncData - categories.findAll" duration="70"/>
  </file>
  <file path="/home/toofytroll/Projets/chartman2/frontend-next/test/pages/authenticate.spec.js">
    <testCase name="Authenticate &gt;&gt; Vue component" duration="1"/>
  </file>
  <file path="/home/toofytroll/Projets/chartman2/frontend-next/test/pages/admin/cards.spec.js">
    <testCase name="CardsAdmin &gt;&gt; Vue component" duration="46"/>
  </file>
  <file path="/home/toofytroll/Projets/chartman2/frontend-next/test/components/Base/BaseBtn.spec.js">
    <testCase name="BaseBtn &gt;&gt; Vue component" duration="15"/>
  </file>
  <file path="/home/toofytroll/Projets/chartman2/frontend-next/test/components/Home/HomeDrawer.spec.js">
    <testCase name="HomeDrawer &gt;&gt; Vue component" duration="43"/>
  </file>
  <file path="/home/toofytroll/Projets/chartman2/frontend-next/test/pages/tutorials/article/_id.spec.js">
    <testCase name="TutorialsArticle &gt;&gt; Vue component" duration="47"/>
    <testCase name="TutorialsArticle &gt;&gt; asyncData - articles.find" duration="67"/>
    <testCase name="TutorialsArticle &gt;&gt; head" duration="36"/>
    <testCase name="TutorialsArticle &gt;&gt; router.back" duration="24"/>
  </file>
  <file path="/home/toofytroll/Projets/chartman2/frontend-next/test/components/Home/HomeCard.spec.js">
    <testCase name="HomeCard &gt;&gt; Vue component" duration="18"/>
  </file>
  <file path="/home/toofytroll/Projets/chartman2/frontend-next/test/components/Base/BaseImage.spec.js">
    <testCase name="BaseImage &gt;&gt; Vue component" duration="7"/>
  </file>
  <file path="/home/toofytroll/Projets/chartman2/frontend-next/test/components/Home/View.spec.js">
    <testCase name="FadeView &gt;&gt; Vue component" duration="13"/>
  </file>
  <file path="/home/toofytroll/Projets/chartman2/frontend-next/test/pages/admin/article/_id.spec.js">
    <testCase name="AdminArticleId &gt;&gt; Vue component" duration="86"/>
    <testCase name="AdminArticleId &gt;&gt; asyncData - categories.findAll - posts.find" duration="61"/>
    <testCase name="AdminArticleId &gt;&gt; initialize" duration="65"/>
    <testCase name="AdminArticleId &gt;&gt; submitForm" duration="114"/>
    <testCase name="AdminArticleId &gt;&gt; router.back" duration="47"/>
    <testCase name="AdminArticleId &gt;&gt; rules" duration="29"/>
  </file>
  <file path="/home/toofytroll/Projets/chartman2/frontend-next/test/pages/admin/article/new.spec.js">
    <testCase name="AdminArticleNew &gt;&gt; Vue component" duration="42"/>
    <testCase name="AdminArticleNew &gt;&gt; asyncData - categories.findAll - posts.find" duration="22"/>
    <testCase name="AdminArticleNew &gt;&gt; submitForm" duration="26"/>
    <testCase name="AdminArticleNew &gt;&gt; router.back" duration="9"/>
    <testCase name="AdminArticleNew &gt;&gt; rules" duration="10"/>
  </file>
  <file path="/home/toofytroll/Projets/chartman2/frontend-next/test/components/Home/HomeArticleList.spec.js">
    <testCase name="HomeArticleList &gt;&gt; Vue component" duration="25"/>
    <testCase name="HomeArticleList &gt;&gt; pathNew getter" duration="10"/>
    <testCase name="HomeArticleList &gt;&gt; pathEdit getter" duration="12"/>
    <testCase name="HomeArticleList &gt;&gt; formatedCategories" duration="11"/>
    <testCase name="HomeArticleList &gt;&gt; confirmDestroy" duration="19"/>
    <testCase name="HomeArticleList &gt;&gt; edit" duration="9"/>
    <testCase name="HomeArticleList &gt;&gt; destroy" duration="18"/>
    <testCase name="HomeArticleList &gt;&gt; publish" duration="10"/>
    <testCase name="HomeArticleList &gt;&gt; getCategories" duration="18"/>
    <testCase name="HomeArticleList &gt;&gt; show" duration="15"/>
  </file>
</testExecutions>