<?xml version="1.0" encoding="UTF-8"?>
<testExecutions version="1">
  <file path="/home/jenkins/agent/workspace/home-dev_frontend-chartman2_main/test/components/Blog/Presentation.spec.js">
    <testCase name="Presentation &gt;&gt; Vue component" duration="57"/>
    <testCase name="Presentation &gt;&gt; getCategories" duration="29"/>
    <testCase name="Presentation &gt;&gt; getCategoryId" duration="54"/>
    <testCase name="Presentation &gt;&gt; goTo" duration="49"/>
    <testCase name="Presentation &gt;&gt; maxHeight" duration="27"/>
  </file>
  <file path="/home/jenkins/agent/workspace/home-dev_frontend-chartman2_main/test/pages/admin/category/_id.spec.js">
    <testCase name="AdminCategoryId &gt;&gt; Vue component" duration="96"/>
    <testCase name="AdminCategoryId &gt;&gt; asyncData - categories.find" duration="53"/>
    <testCase name="AdminCategoryId &gt;&gt; initialize" duration="49"/>
    <testCase name="AdminCategoryId &gt;&gt; submitForm" duration="95"/>
    <testCase name="AdminCategoryId &gt;&gt; router.back" duration="76"/>
    <testCase name="AdminCategoryId &gt;&gt; rule" duration="33"/>
  </file>
  <file path="/home/jenkins/agent/workspace/home-dev_frontend-chartman2_main/test/pages/admin/article/index.spec.js">
    <testCase name="AdminArticle &gt;&gt; Vue component" duration="52"/>
    <testCase name="AdminArticle &gt;&gt; asyncData - posts.findAll" duration="31"/>
  </file>
  <file path="/home/jenkins/agent/workspace/home-dev_frontend-chartman2_main/test/pages/tutorials/category/_id.spec.js">
    <testCase name="TutorialsCategory &gt;&gt; Vue component" duration="42"/>
    <testCase name="TutorialsCategory &gt;&gt; asyncData - articles.category" duration="47"/>
    <testCase name="TutorialsCategory &gt;&gt; head" duration="95"/>
    <testCase name="TutorialsCategory &gt;&gt; goToArticle" duration="66"/>
    <testCase name="TutorialsCategory &gt;&gt; router.back" duration="50"/>
  </file>
  <file path="/home/jenkins/agent/workspace/home-dev_frontend-chartman2_main/test/pages/redirect.spec.js">
    <testCase name="HomePage &gt;&gt; Vue component" duration="3"/>
    <testCase name="HomePage &gt;&gt; redirect" duration="1"/>
  </file>
  <file path="/home/jenkins/agent/workspace/home-dev_frontend-chartman2_main/test/pages/index.spec.js">
    <testCase name="HomePage &gt;&gt; Vue component" duration="5"/>
  </file>
  <file path="/home/jenkins/agent/workspace/home-dev_frontend-chartman2_main/test/components/Base/BaseInformation.spec.js">
    <testCase name="BaseInformation &gt;&gt; Vue component" duration="50"/>
    <testCase name="BaseInformation &gt;&gt; avatarColor getter" duration="63"/>
    <testCase name="BaseInformation &gt;&gt; typeIconImage getter" duration="60"/>
    <testCase name="BaseInformation &gt;&gt; icon getter" duration="51"/>
    <testCase name="BaseInformation &gt;&gt; iconColor getter" duration="33"/>
    <testCase name="BaseInformation &gt;&gt; iconHeight getter" duration="41"/>
    <testCase name="BaseInformation &gt;&gt; image getter" duration="23"/>
    <testCase name="BaseInformation &gt;&gt; text getter" duration="22"/>
    <testCase name="BaseInformation &gt;&gt; textContentClass getter" duration="50"/>
    <testCase name="BaseInformation &gt;&gt; content getter" duration="22"/>
    <testCase name="BaseInformation &gt;&gt; textClass getter" duration="25"/>
  </file>
  <file path="/home/jenkins/agent/workspace/home-dev_frontend-chartman2_main/test/components/Blog/BlogInformation.spec.js">
    <testCase name="BlogInformation &gt;&gt; Vue component" duration="288"/>
    <testCase name="BlogInformation &gt;&gt; itemTypeOf" duration="190"/>
  </file>
  <file path="/home/jenkins/agent/workspace/home-dev_frontend-chartman2_main/test/pages/error.spec.js">
    <testCase name="ErrorPage &gt;&gt; Vue component" duration="346"/>
    <testCase name="ErrorPage &gt;&gt; data" duration="204"/>
  </file>
  <file path="/home/jenkins/agent/workspace/home-dev_frontend-chartman2_main/test/components/Home/Login.spec.js">
    <testCase name="Login &gt;&gt; Vue component" duration="62"/>
    <testCase name="Login &gt;&gt; userLogin" duration="76"/>
    <testCase name="Login &gt;&gt; logout" duration="53"/>
    <testCase name="Login &gt;&gt; setUserToken" duration="41"/>
    <testCase name="Login &gt;&gt; Emit - onLoginDone" duration="34"/>
    <testCase name="Login &gt;&gt; rules" duration="43"/>
  </file>
  <file path="/home/jenkins/agent/workspace/home-dev_frontend-chartman2_main/test/pages/tutorials/index.spec.js">
    <testCase name="IndexTutorials &gt;&gt; Vue component" duration="49"/>
    <testCase name="IndexTutorials &gt;&gt; asyncData - articles.categories" duration="32"/>
    <testCase name="IndexTutorials &gt;&gt; goToCategory" duration="26"/>
    <testCase name="IndexTutorials &gt;&gt; router.back" duration="28"/>
  </file>
  <file path="/home/jenkins/agent/workspace/home-dev_frontend-chartman2_main/test/components/Home/HomeCategoryList.spec.js">
    <testCase name="HomeCategoryList &gt;&gt; Vue component" duration="58"/>
    <testCase name="HomeCategoryList &gt;&gt; pathNew getter" duration="52"/>
    <testCase name="HomeCategoryList &gt;&gt; pathEdit getter" duration="30"/>
    <testCase name="HomeCategoryList &gt;&gt; confirmDestroy" duration="47"/>
    <testCase name="HomeCategoryList &gt;&gt; edit" duration="62"/>
    <testCase name="HomeCategoryList &gt;&gt; destroy" duration="52"/>
  </file>
  <file path="/home/jenkins/agent/workspace/home-dev_frontend-chartman2_main/test/pages/admin/category/new.spec.js">
    <testCase name="AdminCategoryNew &gt;&gt; Vue component" duration="45"/>
    <testCase name="AdminCategoryNew &gt;&gt; submitForm" duration="31"/>
    <testCase name="AdminCategoryNew &gt;&gt; router.back" duration="29"/>
    <testCase name="AdminCategoryNew &gt;&gt; rule" duration="46"/>
  </file>
  <file path="/home/jenkins/agent/workspace/home-dev_frontend-chartman2_main/test/components/Home/HomeAppBar.spec.js">
    <testCase name="HomeAppBar &gt;&gt; Vue component" duration="91"/>
    <testCase name="HomeAppBar &gt;&gt; items getter" duration="32"/>
  </file>
  <file path="/home/jenkins/agent/workspace/home-dev_frontend-chartman2_main/test/components/Home/Register.spec.js">
    <testCase name="Register &gt;&gt; Vue component" duration="40"/>
    <testCase name="Register &gt;&gt; passwordMatch" duration="87"/>
    <testCase name="Register &gt;&gt; register" duration="43"/>
    <testCase name="Register &gt;&gt; rules" duration="42"/>
    <testCase name="Register &gt;&gt; passwordMatch" duration="59"/>
  </file>
  <file path="/home/jenkins/agent/workspace/home-dev_frontend-chartman2_main/test/pages/tutorials/article/_id.spec.js">
    <testCase name="TutorialsArticle &gt;&gt; Vue component" duration="88"/>
    <testCase name="TutorialsArticle &gt;&gt; asyncData - articles.find" duration="79"/>
    <testCase name="TutorialsArticle &gt;&gt; head" duration="80"/>
    <testCase name="TutorialsArticle &gt;&gt; router.back" duration="43"/>
  </file>
  <file path="/home/jenkins/agent/workspace/home-dev_frontend-chartman2_main/test/pages/admin/index.spec.js">
    <testCase name="IndexAdmin &gt;&gt; Vue component" duration="68"/>
    <testCase name="IndexAdmin &gt;&gt; onLoginDone" duration="61"/>
  </file>
  <file path="/home/jenkins/agent/workspace/home-dev_frontend-chartman2_main/test/components/Home/HomeArticleList.spec.js">
    <testCase name="HomeArticleList &gt;&gt; Vue component" duration="117"/>
    <testCase name="HomeArticleList &gt;&gt; pathNew getter" duration="46"/>
    <testCase name="HomeArticleList &gt;&gt; pathEdit getter" duration="74"/>
    <testCase name="HomeArticleList &gt;&gt; formatedCategories" duration="56"/>
    <testCase name="HomeArticleList &gt;&gt; confirmDestroy" duration="83"/>
    <testCase name="HomeArticleList &gt;&gt; edit" duration="39"/>
    <testCase name="HomeArticleList &gt;&gt; destroy" duration="72"/>
    <testCase name="HomeArticleList &gt;&gt; publish" duration="77"/>
    <testCase name="HomeArticleList &gt;&gt; getCategories" duration="63"/>
    <testCase name="HomeArticleList &gt;&gt; show" duration="43"/>
  </file>
  <file path="/home/jenkins/agent/workspace/home-dev_frontend-chartman2_main/test/pages/authenticate.spec.js">
    <testCase name="Authenticate &gt;&gt; Vue component" duration="3"/>
  </file>
  <file path="/home/jenkins/agent/workspace/home-dev_frontend-chartman2_main/test/components/Blog/Skills.spec.js">
    <testCase name="Skills &gt;&gt; Vue component" duration="99"/>
    <testCase name="Skills &gt;&gt; itemTypeOf" duration="85"/>
  </file>
  <file path="/home/jenkins/agent/workspace/home-dev_frontend-chartman2_main/test/components/Home/HomeNew.spec.js">
    <testCase name="HomeNew &gt;&gt; Vue component" duration="26"/>
    <testCase name="HomeNew &gt;&gt; pathNew getter" duration="22"/>
    <testCase name="HomeNew &gt;&gt; pathEdit getter" duration="23"/>
  </file>
  <file path="/home/jenkins/agent/workspace/home-dev_frontend-chartman2_main/test/pages/admin/category/index.spec.js">
    <testCase name="AdminCategory &gt;&gt; Vue component" duration="41"/>
    <testCase name="AdminCategory &gt;&gt; asyncData - categories.findAll" duration="37"/>
  </file>
  <file path="/home/jenkins/agent/workspace/home-dev_frontend-chartman2_main/test/pages/admin/article/new.spec.js">
    <testCase name="AdminArticleNew &gt;&gt; Vue component" duration="91"/>
    <testCase name="AdminArticleNew &gt;&gt; asyncData - categories.findAll - posts.find" duration="67"/>
    <testCase name="AdminArticleNew &gt;&gt; submitForm" duration="122"/>
    <testCase name="AdminArticleNew &gt;&gt; router.back" duration="44"/>
    <testCase name="AdminArticleNew &gt;&gt; rules" duration="42"/>
  </file>
  <file path="/home/jenkins/agent/workspace/home-dev_frontend-chartman2_main/test/components/Home/HomeFooter.spec.js">
    <testCase name="HomeFooter &gt;&gt; Vue component" duration="37"/>
    <testCase name="HomeFooter &gt;&gt; social getter" duration="35"/>
  </file>
  <file path="/home/jenkins/agent/workspace/home-dev_frontend-chartman2_main/test/pages/default.spec.js">
    <testCase name="DefaultPage &gt;&gt; Vue component" duration="2"/>
  </file>
  <file path="/home/jenkins/agent/workspace/home-dev_frontend-chartman2_main/test/pages/admin/cards.spec.js">
    <testCase name="CardsAdmin &gt;&gt; Vue component" duration="43"/>
  </file>
  <file path="/home/jenkins/agent/workspace/home-dev_frontend-chartman2_main/test/pages/admin/article/_id.spec.js">
    <testCase name="AdminArticleId &gt;&gt; Vue component" duration="101"/>
    <testCase name="AdminArticleId &gt;&gt; asyncData - categories.findAll - posts.find" duration="103"/>
    <testCase name="AdminArticleId &gt;&gt; initialize" duration="92"/>
    <testCase name="AdminArticleId &gt;&gt; submitForm" duration="133"/>
    <testCase name="AdminArticleId &gt;&gt; router.back" duration="114"/>
    <testCase name="AdminArticleId &gt;&gt; rules" duration="83"/>
  </file>
  <file path="/home/jenkins/agent/workspace/home-dev_frontend-chartman2_main/test/components/Home/HomeCard.spec.js">
    <testCase name="HomeCard &gt;&gt; Vue component" duration="36"/>
  </file>
  <file path="/home/jenkins/agent/workspace/home-dev_frontend-chartman2_main/test/components/Base/BaseBtn.spec.js">
    <testCase name="BaseBtn &gt;&gt; Vue component" duration="20"/>
  </file>
  <file path="/home/jenkins/agent/workspace/home-dev_frontend-chartman2_main/test/components/Home/View.spec.js">
    <testCase name="FadeView &gt;&gt; Vue component" duration="14"/>
  </file>
  <file path="/home/jenkins/agent/workspace/home-dev_frontend-chartman2_main/test/components/Base/BaseImage.spec.js">
    <testCase name="BaseImage &gt;&gt; Vue component" duration="17"/>
  </file>
  <file path="/home/jenkins/agent/workspace/home-dev_frontend-chartman2_main/test/store/mainModule.spec.js">
    <testCase name="PostStore &gt;&gt; isSnackbarVisible" duration="4"/>
    <testCase name="PostStore &gt;&gt; getSnackbarText" duration="2"/>
    <testCase name="PostStore &gt;&gt; showSnackbar" duration="4"/>
    <testCase name="PostStore &gt;&gt; closeSnackbar" duration="2"/>
  </file>
  <file path="/home/jenkins/agent/workspace/home-dev_frontend-chartman2_main/test/components/Home/HomeList.spec.js">
    <testCase name="HomeList &gt;&gt; Vue component" duration="29"/>
    <testCase name="HomeList &gt;&gt; itemComponentInstance getter" duration="24"/>
    <testCase name="HomeList &gt;&gt; pathNew getter" duration="20"/>
    <testCase name="HomeList &gt;&gt; router.back" duration="24"/>
  </file>
  <file path="/home/jenkins/agent/workspace/home-dev_frontend-chartman2_main/test/components/Base/BaseAvatar.spec.js">
    <testCase name="BaseAvatar &gt;&gt; Vue component" duration="27"/>
    <testCase name="BaseAvatar &gt;&gt; classes getter" duration="21"/>
    <testCase name="BaseAvatar &gt;&gt; outlineSize getter" duration="21"/>
    <testCase name="BaseAvatar &gt;&gt; styles getter" duration="16"/>
  </file>
  <file path="/home/jenkins/agent/workspace/home-dev_frontend-chartman2_main/test/components/Base/BaseIcon.spec.js">
    <testCase name="BaseIcon &gt;&gt; Vue component" duration="23"/>
  </file>
  <file path="/home/jenkins/agent/workspace/home-dev_frontend-chartman2_main/test/components/Home/HomeDrawer.spec.js">
    <testCase name="HomeDrawer &gt;&gt; Vue component" duration="12"/>
  </file>
</testExecutions>