<?xml version="1.0" encoding="UTF-8"?>
<testExecutions version="1">
  <file path="/home/toofytroll/Projets/chartman2/frontend-next/test/pages/tutorials/index.spec.js">
    <testCase name="IndexTutorials &gt;&gt; Vue component" duration="47"/>
    <testCase name="IndexTutorials &gt;&gt; asyncData - articles.categories" duration="37"/>
    <testCase name="IndexTutorials &gt;&gt; goToCategory" duration="17"/>
    <testCase name="IndexTutorials &gt;&gt; router.back" duration="17"/>
  </file>
  <file path="/home/toofytroll/Projets/chartman2/frontend-next/test/pages/tutorials/category/_id.spec.js">
    <testCase name="TutorialsCategory &gt;&gt; Vue component" duration="82"/>
    <testCase name="TutorialsCategory &gt;&gt; asyncData - articles.category" duration="54"/>
    <testCase name="TutorialsCategory &gt;&gt; head" duration="34"/>
    <testCase name="TutorialsCategory &gt;&gt; goToArticle" duration="20"/>
    <testCase name="TutorialsCategory &gt;&gt; router.back" duration="18"/>
  </file>
  <file path="/home/toofytroll/Projets/chartman2/frontend-next/test/pages/admin/category/index.spec.js">
    <testCase name="AdminCategory &gt;&gt; Vue component" duration="48"/>
    <testCase name="AdminCategory &gt;&gt; asyncData - categories.findAll" duration="47"/>
  </file>
  <file path="/home/toofytroll/Projets/chartman2/frontend-next/test/components/Base/BaseInformation.spec.js">
    <testCase name="BaseInformation &gt;&gt; Vue component" duration="21"/>
    <testCase name="BaseInformation &gt;&gt; avatarColor getter" duration="13"/>
    <testCase name="BaseInformation &gt;&gt; typeIconImage getter" duration="22"/>
    <testCase name="BaseInformation &gt;&gt; icon getter" duration="16"/>
    <testCase name="BaseInformation &gt;&gt; iconColor getter" duration="12"/>
    <testCase name="BaseInformation &gt;&gt; iconHeight getter" duration="30"/>
    <testCase name="BaseInformation &gt;&gt; image getter" duration="20"/>
    <testCase name="BaseInformation &gt;&gt; text getter" duration="13"/>
    <testCase name="BaseInformation &gt;&gt; textContentClass getter" duration="22"/>
    <testCase name="BaseInformation &gt;&gt; content getter" duration="12"/>
    <testCase name="BaseInformation &gt;&gt; textClass getter" duration="13"/>
  </file>
  <file path="/home/toofytroll/Projets/chartman2/frontend-next/test/components/Home/Register.spec.js">
    <testCase name="Register &gt;&gt; Vue component" duration="27"/>
    <testCase name="Register &gt;&gt; passwordMatch" duration="27"/>
    <testCase name="Register &gt;&gt; register" duration="21"/>
    <testCase name="Register &gt;&gt; rules" duration="27"/>
    <testCase name="Register &gt;&gt; passwordMatch" duration="44"/>
  </file>
  <file path="/home/toofytroll/Projets/chartman2/frontend-next/test/pages/admin/article/index.spec.js">
    <testCase name="AdminArticle &gt;&gt; Vue component" duration="25"/>
    <testCase name="AdminArticle &gt;&gt; asyncData - posts.findAll" duration="14"/>
  </file>
  <file path="/home/toofytroll/Projets/chartman2/frontend-next/test/components/Home/Login.spec.js">
    <testCase name="Login &gt;&gt; Vue component" duration="40"/>
    <testCase name="Login &gt;&gt; userLogin" duration="23"/>
    <testCase name="Login &gt;&gt; logout" duration="63"/>
    <testCase name="Login &gt;&gt; setUserToken" duration="22"/>
    <testCase name="Login &gt;&gt; Emit - onLoginDone" duration="38"/>
    <testCase name="Login &gt;&gt; rules" duration="42"/>
  </file>
  <file path="/home/toofytroll/Projets/chartman2/frontend-next/test/pages/admin/category/_id.spec.js">
    <testCase name="AdminCategoryId &gt;&gt; Vue component" duration="45"/>
    <testCase name="AdminCategoryId &gt;&gt; asyncData - categories.find" duration="30"/>
    <testCase name="AdminCategoryId &gt;&gt; initialize" duration="21"/>
    <testCase name="AdminCategoryId &gt;&gt; submitForm" duration="66"/>
    <testCase name="AdminCategoryId &gt;&gt; router.back" duration="19"/>
    <testCase name="AdminCategoryId &gt;&gt; rule" duration="26"/>
  </file>
  <file path="/home/toofytroll/Projets/chartman2/frontend-next/test/components/Blog/Presentation.spec.js">
    <testCase name="Presentation &gt;&gt; Vue component" duration="40"/>
    <testCase name="Presentation &gt;&gt; getCategories" duration="21"/>
    <testCase name="Presentation &gt;&gt; getCategoryId" duration="37"/>
    <testCase name="Presentation &gt;&gt; goTo" duration="24"/>
    <testCase name="Presentation &gt;&gt; maxHeight" duration="11"/>
  </file>
  <file path="/home/toofytroll/Projets/chartman2/frontend-next/test/components/Home/HomeCategoryList.spec.js">
    <testCase name="HomeCategoryList &gt;&gt; Vue component" duration="37"/>
    <testCase name="HomeCategoryList &gt;&gt; pathNew getter" duration="42"/>
    <testCase name="HomeCategoryList &gt;&gt; pathEdit getter" duration="19"/>
    <testCase name="HomeCategoryList &gt;&gt; confirmDestroy" duration="21"/>
    <testCase name="HomeCategoryList &gt;&gt; edit" duration="14"/>
    <testCase name="HomeCategoryList &gt;&gt; destroy" duration="40"/>
  </file>
  <file path="/home/toofytroll/Projets/chartman2/frontend-next/test/components/Base/BaseAvatar.spec.js">
    <testCase name="BaseAvatar &gt;&gt; Vue component" duration="17"/>
    <testCase name="BaseAvatar &gt;&gt; classes getter" duration="12"/>
    <testCase name="BaseAvatar &gt;&gt; outlineSize getter" duration="12"/>
    <testCase name="BaseAvatar &gt;&gt; styles getter" duration="11"/>
  </file>
  <file path="/home/toofytroll/Projets/chartman2/frontend-next/test/store/mainModule.spec.js">
    <testCase name="PostStore &gt;&gt; isSnackbarVisible" duration="2"/>
    <testCase name="PostStore &gt;&gt; getSnackbarText" duration="1"/>
    <testCase name="PostStore &gt;&gt; showSnackbar" duration="2"/>
    <testCase name="PostStore &gt;&gt; closeSnackbar" duration="1"/>
  </file>
  <file path="/home/toofytroll/Projets/chartman2/frontend-next/test/components/Home/HomeList.spec.js">
    <testCase name="HomeList &gt;&gt; Vue component" duration="22"/>
    <testCase name="HomeList &gt;&gt; itemComponentInstance getter" duration="41"/>
    <testCase name="HomeList &gt;&gt; pathNew getter" duration="20"/>
    <testCase name="HomeList &gt;&gt; router.back" duration="17"/>
  </file>
  <file path="/home/toofytroll/Projets/chartman2/frontend-next/test/components/Home/HomeFooter.spec.js">
    <testCase name="HomeFooter &gt;&gt; Vue component" duration="26"/>
    <testCase name="HomeFooter &gt;&gt; social getter" duration="19"/>
  </file>
  <file path="/home/toofytroll/Projets/chartman2/frontend-next/test/components/Home/HomeAppBar.spec.js">
    <testCase name="HomeAppBar &gt;&gt; Vue component" duration="26"/>
    <testCase name="HomeAppBar &gt;&gt; items getter" duration="35">
      <failure message="Error: expect(received).toStrictEqual(expected) // deep equality"><![CDATA[Error: expect(received).toStrictEqual(expected) // deep equality

- Expected  - 0
+ Received  + 4

  Array [
    Object {
      "name": "Accueil",
      "route": "/",
    },
+   Object {
+     "name": "Mentions lÃ©gales",
+     "route": "/legal_notices",
+   },
  ]
    at Object.<anonymous> (/home/toofytroll/Projets/chartman2/frontend-next/test/components/Home/HomeAppBar.spec.js:25:30)
    at Promise.then.completed (/home/toofytroll/Projets/chartman2/frontend-next/node_modules/jest-circus/build/utils.js:391:28)
    at new Promise (<anonymous>)
    at callAsyncCircusFn (/home/toofytroll/Projets/chartman2/frontend-next/node_modules/jest-circus/build/utils.js:316:10)
    at _callCircusTest (/home/toofytroll/Projets/chartman2/frontend-next/node_modules/jest-circus/build/run.js:218:40)
    at processTicksAndRejections (internal/process/task_queues.js:95:5)
    at _runTest (/home/toofytroll/Projets/chartman2/frontend-next/node_modules/jest-circus/build/run.js:155:3)
    at _runTestsForDescribeBlock (/home/toofytroll/Projets/chartman2/frontend-next/node_modules/jest-circus/build/run.js:66:9)
    at _runTestsForDescribeBlock (/home/toofytroll/Projets/chartman2/frontend-next/node_modules/jest-circus/build/run.js:60:9)
    at run (/home/toofytroll/Projets/chartman2/frontend-next/node_modules/jest-circus/build/run.js:25:3)
    at runAndTransformResultsToJestFormat (/home/toofytroll/Projets/chartman2/frontend-next/node_modules/jest-circus/build/legacy-code-todo-rewrite/jestAdapterInit.js:170:21)
    at jestAdapter (/home/toofytroll/Projets/chartman2/frontend-next/node_modules/jest-circus/build/legacy-code-todo-rewrite/jestAdapter.js:82:19)
    at runTestInternal (/home/toofytroll/Projets/chartman2/frontend-next/node_modules/jest-runner/build/runTest.js:389:16)
    at runTest (/home/toofytroll/Projets/chartman2/frontend-next/node_modules/jest-runner/build/runTest.js:475:34)
    at Object.worker (/home/toofytroll/Projets/chartman2/frontend-next/node_modules/jest-runner/build/testWorker.js:133:12)]]></failure>
    </testCase>
  </file>
  <file path="/home/toofytroll/Projets/chartman2/frontend-next/test/components/Home/HomeNew.spec.js">
    <testCase name="HomeNew &gt;&gt; Vue component" duration="14"/>
    <testCase name="HomeNew &gt;&gt; pathNew getter" duration="17"/>
    <testCase name="HomeNew &gt;&gt; pathEdit getter" duration="11"/>
  </file>
  <file path="/home/toofytroll/Projets/chartman2/frontend-next/test/components/Blog/Skills.spec.js">
    <testCase name="Skills &gt;&gt; Vue component" duration="100"/>
    <testCase name="Skills &gt;&gt; itemTypeOf" duration="37"/>
  </file>
  <file path="/home/toofytroll/Projets/chartman2/frontend-next/test/pages/admin/article/new.spec.js">
    <testCase name="AdminArticleNew &gt;&gt; Vue component" duration="53"/>
    <testCase name="AdminArticleNew &gt;&gt; asyncData - categories.findAll - posts.find" duration="74"/>
    <testCase name="AdminArticleNew &gt;&gt; submitForm" duration="82"/>
    <testCase name="AdminArticleNew &gt;&gt; router.back" duration="21"/>
    <testCase name="AdminArticleNew &gt;&gt; rules" duration="23"/>
  </file>
  <file path="/home/toofytroll/Projets/chartman2/frontend-next/test/pages/authenticate.spec.js">
    <testCase name="Authenticate &gt;&gt; Vue component" duration="2"/>
  </file>
  <file path="/home/toofytroll/Projets/chartman2/frontend-next/test/pages/redirect.spec.js">
    <testCase name="HomePage &gt;&gt; Vue component" duration="2"/>
    <testCase name="HomePage &gt;&gt; redirect" duration="1"/>
  </file>
  <file path="/home/toofytroll/Projets/chartman2/frontend-next/test/pages/admin/index.spec.js">
    <testCase name="IndexAdmin &gt;&gt; Vue component" duration="35"/>
    <testCase name="IndexAdmin &gt;&gt; onLoginDone" duration="50"/>
  </file>
  <file path="/home/toofytroll/Projets/chartman2/frontend-next/test/pages/tutorials/article/_id.spec.js">
    <testCase name="TutorialsArticle &gt;&gt; Vue component" duration="56"/>
    <testCase name="TutorialsArticle &gt;&gt; asyncData - articles.find" duration="51"/>
    <testCase name="TutorialsArticle &gt;&gt; head" duration="41"/>
    <testCase name="TutorialsArticle &gt;&gt; router.back" duration="25"/>
  </file>
  <file path="/home/toofytroll/Projets/chartman2/frontend-next/test/components/Base/BaseIcon.spec.js">
    <testCase name="BaseIcon &gt;&gt; Vue component" duration="9"/>
  </file>
  <file path="/home/toofytroll/Projets/chartman2/frontend-next/test/pages/admin/article/_id.spec.js">
    <testCase name="AdminArticleId &gt;&gt; Vue component" duration="65"/>
    <testCase name="AdminArticleId &gt;&gt; asyncData - categories.findAll - posts.find" duration="48"/>
    <testCase name="AdminArticleId &gt;&gt; initialize" duration="87"/>
    <testCase name="AdminArticleId &gt;&gt; submitForm" duration="77"/>
    <testCase name="AdminArticleId &gt;&gt; router.back" duration="62"/>
    <testCase name="AdminArticleId &gt;&gt; rules" duration="47"/>
  </file>
  <file path="/home/toofytroll/Projets/chartman2/frontend-next/test/pages/admin/category/new.spec.js">
    <testCase name="AdminCategoryNew &gt;&gt; Vue component" duration="23"/>
    <testCase name="AdminCategoryNew &gt;&gt; submitForm" duration="43"/>
    <testCase name="AdminCategoryNew &gt;&gt; router.back" duration="14"/>
    <testCase name="AdminCategoryNew &gt;&gt; rule" duration="22"/>
  </file>
  <file path="/home/toofytroll/Projets/chartman2/frontend-next/test/components/Blog/BlogInformation.spec.js">
    <testCase name="BlogInformation &gt;&gt; Vue component" duration="129"/>
    <testCase name="BlogInformation &gt;&gt; itemTypeOf" duration="146"/>
  </file>
  <file path="/home/toofytroll/Projets/chartman2/frontend-next/test/components/Home/HomeDrawer.spec.js">
    <testCase name="HomeDrawer &gt;&gt; Vue component" duration="8"/>
  </file>
  <file path="/home/toofytroll/Projets/chartman2/frontend-next/test/components/Base/BaseBtn.spec.js">
    <testCase name="BaseBtn &gt;&gt; Vue component" duration="28"/>
  </file>
  <file path="/home/toofytroll/Projets/chartman2/frontend-next/test/pages/default.spec.js">
    <testCase name="DefaultPage &gt;&gt; Vue component" duration="3"/>
  </file>
  <file path="/home/toofytroll/Projets/chartman2/frontend-next/test/pages/error.spec.js">
    <testCase name="ErrorPage &gt;&gt; Vue component" duration="166"/>
    <testCase name="ErrorPage &gt;&gt; data" duration="94"/>
  </file>
  <file path="/home/toofytroll/Projets/chartman2/frontend-next/test/components/Base/BaseImage.spec.js">
    <testCase name="BaseImage &gt;&gt; Vue component" duration="5"/>
  </file>
  <file path="/home/toofytroll/Projets/chartman2/frontend-next/test/components/Home/View.spec.js">
    <testCase name="FadeView &gt;&gt; Vue component" duration="8"/>
  </file>
  <file path="/home/toofytroll/Projets/chartman2/frontend-next/test/components/Home/HomeCard.spec.js">
    <testCase name="HomeCard &gt;&gt; Vue component" duration="9"/>
  </file>
  <file path="/home/toofytroll/Projets/chartman2/frontend-next/test/components/Home/HomeArticleList.spec.js">
    <testCase name="HomeArticleList &gt;&gt; Vue component" duration="49"/>
    <testCase name="HomeArticleList &gt;&gt; pathNew getter" duration="32"/>
    <testCase name="HomeArticleList &gt;&gt; pathEdit getter" duration="25"/>
    <testCase name="HomeArticleList &gt;&gt; formatedCategories" duration="22"/>
    <testCase name="HomeArticleList &gt;&gt; confirmDestroy" duration="35"/>
    <testCase name="HomeArticleList &gt;&gt; edit" duration="19"/>
    <testCase name="HomeArticleList &gt;&gt; destroy" duration="35"/>
    <testCase name="HomeArticleList &gt;&gt; publish" duration="18"/>
    <testCase name="HomeArticleList &gt;&gt; getCategories" duration="24"/>
    <testCase name="HomeArticleList &gt;&gt; show" duration="16"/>
  </file>
  <file path="/home/toofytroll/Projets/chartman2/frontend-next/test/pages/admin/cards.spec.js">
    <testCase name="CardsAdmin &gt;&gt; Vue component" duration="11"/>
  </file>
  <file path="/home/toofytroll/Projets/chartman2/frontend-next/test/pages/index.spec.js">
    <testCase name="HomePage &gt;&gt; Vue component" duration="2"/>
  </file>
</testExecutions>