<?xml version="1.0" encoding="UTF-8"?>
<testExecutions version="1">
  <file path="/home/toofytroll/Projets/chartman2/frontend-next/test/pages/admin/article/index.spec.js">
    <testCase name="AdminArticle &gt;&gt; Vue component" duration="40"/>
    <testCase name="AdminArticle &gt;&gt; asyncData - posts.findAll" duration="20"/>
  </file>
  <file path="/home/toofytroll/Projets/chartman2/frontend-next/test/pages/admin/category/new.spec.js">
    <testCase name="AdminCategoryNew &gt;&gt; Vue component" duration="95"/>
    <testCase name="AdminCategoryNew &gt;&gt; submitForm" duration="23"/>
    <testCase name="AdminCategoryNew &gt;&gt; router.back" duration="13"/>
    <testCase name="AdminCategoryNew &gt;&gt; rule" duration="22"/>
  </file>
  <file path="/home/toofytroll/Projets/chartman2/frontend-next/test/components/Home/HomeCategoryList.spec.js">
    <testCase name="HomeCategoryList &gt;&gt; Vue component" duration="97"/>
    <testCase name="HomeCategoryList &gt;&gt; pathNew getter" duration="17"/>
    <testCase name="HomeCategoryList &gt;&gt; pathEdit getter" duration="31"/>
    <testCase name="HomeCategoryList &gt;&gt; confirmDestroy" duration="40"/>
    <testCase name="HomeCategoryList &gt;&gt; edit" duration="12"/>
    <testCase name="HomeCategoryList &gt;&gt; destroy" duration="62"/>
  </file>
  <file path="/home/toofytroll/Projets/chartman2/frontend-next/test/components/Blog/Presentation.spec.js">
    <testCase name="Presentation &gt;&gt; Vue component" duration="60"/>
    <testCase name="Presentation &gt;&gt; getCategories" duration="75"/>
    <testCase name="Presentation &gt;&gt; getCategoryId" duration="116"/>
    <testCase name="Presentation &gt;&gt; goTo" duration="78"/>
    <testCase name="Presentation &gt;&gt; maxHeight" duration="18"/>
  </file>
  <file path="/home/toofytroll/Projets/chartman2/frontend-next/test/pages/admin/category/_id.spec.js">
    <testCase name="AdminCategoryId &gt;&gt; Vue component" duration="76"/>
    <testCase name="AdminCategoryId &gt;&gt; asyncData - categories.find" duration="40"/>
    <testCase name="AdminCategoryId &gt;&gt; initialize" duration="41"/>
    <testCase name="AdminCategoryId &gt;&gt; submitForm" duration="50"/>
    <testCase name="AdminCategoryId &gt;&gt; router.back" duration="29"/>
    <testCase name="AdminCategoryId &gt;&gt; rule" duration="14"/>
  </file>
  <file path="/home/toofytroll/Projets/chartman2/frontend-next/test/pages/admin/index.spec.js">
    <testCase name="IndexAdmin &gt;&gt; Vue component" duration="125"/>
    <testCase name="IndexAdmin &gt;&gt; onLoginDone" duration="62"/>
  </file>
  <file path="/home/toofytroll/Projets/chartman2/frontend-next/test/components/Home/Login.spec.js">
    <testCase name="Login &gt;&gt; Vue component" duration="92"/>
    <testCase name="Login &gt;&gt; userLogin" duration="28"/>
    <testCase name="Login &gt;&gt; logout" duration="39"/>
    <testCase name="Login &gt;&gt; setUserToken" duration="26"/>
    <testCase name="Login &gt;&gt; Emit - onLoginDone" duration="36"/>
    <testCase name="Login &gt;&gt; rules" duration="19"/>
  </file>
  <file path="/home/toofytroll/Projets/chartman2/frontend-next/test/pages/tutorials/index.spec.js">
    <testCase name="IndexTutorials &gt;&gt; Vue component" duration="13"/>
    <testCase name="IndexTutorials &gt;&gt; asyncData - articles.categories" duration="32"/>
    <testCase name="IndexTutorials &gt;&gt; goToCategory" duration="10"/>
  </file>
  <file path="/home/toofytroll/Projets/chartman2/frontend-next/test/components/Home/Register.spec.js">
    <testCase name="Register &gt;&gt; Vue component" duration="43"/>
    <testCase name="Register &gt;&gt; passwordMatch" duration="47"/>
    <testCase name="Register &gt;&gt; register" duration="14"/>
    <testCase name="Register &gt;&gt; rules" duration="21"/>
    <testCase name="Register &gt;&gt; passwordMatch" duration="50"/>
  </file>
  <file path="/home/toofytroll/Projets/chartman2/frontend-next/test/components/Blog/Skills.spec.js">
    <testCase name="Skills &gt;&gt; Vue component" duration="66"/>
    <testCase name="Skills &gt;&gt; itemTypeOf" duration="52"/>
  </file>
  <file path="/home/toofytroll/Projets/chartman2/frontend-next/test/components/Base/BaseInformation.spec.js">
    <testCase name="BaseInformation &gt;&gt; Vue component" duration="31"/>
    <testCase name="BaseInformation &gt;&gt; avatarColor getter" duration="27"/>
    <testCase name="BaseInformation &gt;&gt; typeIconImage getter" duration="18"/>
    <testCase name="BaseInformation &gt;&gt; icon getter" duration="13"/>
    <testCase name="BaseInformation &gt;&gt; iconColor getter" duration="11"/>
    <testCase name="BaseInformation &gt;&gt; iconHeight getter" duration="12"/>
    <testCase name="BaseInformation &gt;&gt; image getter" duration="11"/>
    <testCase name="BaseInformation &gt;&gt; text getter" duration="9"/>
    <testCase name="BaseInformation &gt;&gt; textContentClass getter" duration="14"/>
    <testCase name="BaseInformation &gt;&gt; content getter" duration="45"/>
    <testCase name="BaseInformation &gt;&gt; textClass getter" duration="13"/>
  </file>
  <file path="/home/toofytroll/Projets/chartman2/frontend-next/test/components/Blog/BlogInformation.spec.js">
    <testCase name="BlogInformation &gt;&gt; Vue component" duration="161"/>
    <testCase name="BlogInformation &gt;&gt; itemTypeOf" duration="124"/>
  </file>
  <file path="/home/toofytroll/Projets/chartman2/frontend-next/test/pages/tutorials/category/_id.spec.js">
    <testCase name="TutorialsCategory &gt;&gt; Vue component" duration="14"/>
    <testCase name="TutorialsCategory &gt;&gt; asyncData - articles.category" duration="30"/>
    <testCase name="TutorialsCategory &gt;&gt; goToArticle" duration="11"/>
    <testCase name="TutorialsCategory &gt;&gt; router.back" duration="11"/>
  </file>
  <file path="/home/toofytroll/Projets/chartman2/frontend-next/test/pages/error.spec.js">
    <testCase name="ErrorPage &gt;&gt; Vue component" duration="9"/>
    <testCase name="ErrorPage &gt;&gt; data" duration="8"/>
  </file>
  <file path="/home/toofytroll/Projets/chartman2/frontend-next/test/components/Home/HomeAppBar.spec.js">
    <testCase name="HomeAppBar &gt;&gt; Vue component" duration="103"/>
    <testCase name="HomeAppBar &gt;&gt; items getter" duration="33"/>
  </file>
  <file path="/home/toofytroll/Projets/chartman2/frontend-next/test/pages/index.spec.js">
    <testCase name="HomePage &gt;&gt; Vue component" duration="2"/>
  </file>
  <file path="/home/toofytroll/Projets/chartman2/frontend-next/test/components/Base/BaseIcon.spec.js">
    <testCase name="BaseIcon &gt;&gt; Vue component" duration="9"/>
  </file>
  <file path="/home/toofytroll/Projets/chartman2/frontend-next/test/pages/default.spec.js">
    <testCase name="DefaultPage &gt;&gt; Vue component" duration="29"/>
  </file>
  <file path="/home/toofytroll/Projets/chartman2/frontend-next/test/components/Home/HomeList.spec.js">
    <testCase name="HomeList &gt;&gt; Vue component" duration="24"/>
    <testCase name="HomeList &gt;&gt; itemComponentInstance getter" duration="13"/>
    <testCase name="HomeList &gt;&gt; pathNew getter" duration="20"/>
    <testCase name="HomeList &gt;&gt; router.back" duration="48"/>
  </file>
  <file path="/home/toofytroll/Projets/chartman2/frontend-next/test/components/Home/HomeNew.spec.js">
    <testCase name="HomeNew &gt;&gt; Vue component" duration="19"/>
    <testCase name="HomeNew &gt;&gt; pathNew getter" duration="20"/>
    <testCase name="HomeNew &gt;&gt; pathEdit getter" duration="9"/>
  </file>
  <file path="/home/toofytroll/Projets/chartman2/frontend-next/test/components/Base/BaseAvatar.spec.js">
    <testCase name="BaseAvatar &gt;&gt; Vue component" duration="17"/>
    <testCase name="BaseAvatar &gt;&gt; classes getter" duration="39"/>
    <testCase name="BaseAvatar &gt;&gt; outlineSize getter" duration="10"/>
    <testCase name="BaseAvatar &gt;&gt; styles getter" duration="11"/>
  </file>
  <file path="/home/toofytroll/Projets/chartman2/frontend-next/test/components/Home/HomeFooter.spec.js">
    <testCase name="HomeFooter &gt;&gt; Vue component" duration="81"/>
    <testCase name="HomeFooter &gt;&gt; social getter" duration="16"/>
  </file>
  <file path="/home/toofytroll/Projets/chartman2/frontend-next/test/pages/authenticate.spec.js">
    <testCase name="Authenticate &gt;&gt; Vue component" duration="1"/>
  </file>
  <file path="/home/toofytroll/Projets/chartman2/frontend-next/test/components/Home/HomeCard.spec.js">
    <testCase name="HomeCard &gt;&gt; Vue component" duration="14"/>
  </file>
  <file path="/home/toofytroll/Projets/chartman2/frontend-next/test/pages/admin/cards.spec.js">
    <testCase name="CardsAdmin &gt;&gt; Vue component" duration="65"/>
  </file>
  <file path="/home/toofytroll/Projets/chartman2/frontend-next/test/pages/admin/category/index.spec.js">
    <testCase name="AdminCategory &gt;&gt; Vue component" duration="39"/>
    <testCase name="AdminCategory &gt;&gt; asyncData - categories.findAll" duration="24"/>
  </file>
  <file path="/home/toofytroll/Projets/chartman2/frontend-next/test/store/mainModule.spec.js">
    <testCase name="PostStore &gt;&gt; isSnackbarVisible" duration="3"/>
    <testCase name="PostStore &gt;&gt; getSnackbarText" duration="1"/>
    <testCase name="PostStore &gt;&gt; showSnackbar" duration="3"/>
    <testCase name="PostStore &gt;&gt; closeSnackbar" duration="1"/>
  </file>
  <file path="/home/toofytroll/Projets/chartman2/frontend-next/test/components/Base/BaseBtn.spec.js">
    <testCase name="BaseBtn &gt;&gt; Vue component" duration="16"/>
  </file>
  <file path="/home/toofytroll/Projets/chartman2/frontend-next/test/NuxtLogo.spec.js">
    <testCase name="NuxtLogo is a Vue instance" duration="5"/>
  </file>
  <file path="/home/toofytroll/Projets/chartman2/frontend-next/test/components/Base/BaseImage.spec.js">
    <testCase name="BaseImage &gt;&gt; Vue component" duration="10"/>
  </file>
  <file path="/home/toofytroll/Projets/chartman2/frontend-next/test/components/Home/HomeDrawer.spec.js">
    <testCase name="HomeDrawer &gt;&gt; Vue component" duration="9"/>
  </file>
  <file path="/home/toofytroll/Projets/chartman2/frontend-next/test/components/Home/View.spec.js">
    <testCase name="FadeView &gt;&gt; Vue component" duration="8"/>
  </file>
  <file path="/home/toofytroll/Projets/chartman2/frontend-next/test/pages/admin/article/new.spec.js">
    <testCase name="AdminArticleNew &gt;&gt; Vue component" duration="48"/>
    <testCase name="AdminArticleNew &gt;&gt; asyncData - categories.findAll - posts.find" duration="49"/>
    <testCase name="AdminArticleNew &gt;&gt; submitForm" duration="78"/>
    <testCase name="AdminArticleNew &gt;&gt; router.back" duration="23"/>
    <testCase name="AdminArticleNew &gt;&gt; rules" duration="27"/>
  </file>
  <file path="/home/toofytroll/Projets/chartman2/frontend-next/test/pages/admin/article/_id.spec.js">
    <testCase name="AdminArticleId &gt;&gt; Vue component" duration="33"/>
    <testCase name="AdminArticleId &gt;&gt; asyncData - categories.findAll - posts.find" duration="36"/>
    <testCase name="AdminArticleId &gt;&gt; initialize" duration="23"/>
    <testCase name="AdminArticleId &gt;&gt; submitForm" duration="39"/>
    <testCase name="AdminArticleId &gt;&gt; router.back" duration="24"/>
    <testCase name="AdminArticleId &gt;&gt; rules" duration="27"/>
  </file>
  <file path="/home/toofytroll/Projets/chartman2/frontend-next/test/pages/tutorials/article/_id.spec.js">
    <testCase name="TutorialsArticle &gt;&gt; Vue component" duration="286"/>
    <testCase name="TutorialsArticle &gt;&gt; asyncData - articles.find" duration="90"/>
    <testCase name="TutorialsArticle &gt;&gt; router.back" duration="64"/>
  </file>
  <file path="/home/toofytroll/Projets/chartman2/frontend-next/test/components/Home/HomeArticleList.spec.js">
    <testCase name="HomeArticleList &gt;&gt; Vue component" duration="444"/>
    <testCase name="HomeArticleList &gt;&gt; pathNew getter" duration="77"/>
    <testCase name="HomeArticleList &gt;&gt; pathEdit getter" duration="70"/>
    <testCase name="HomeArticleList &gt;&gt; formatedCategories" duration="73"/>
    <testCase name="HomeArticleList &gt;&gt; confirmDestroy" duration="75"/>
    <testCase name="HomeArticleList &gt;&gt; edit" duration="65"/>
    <testCase name="HomeArticleList &gt;&gt; destroy" duration="90"/>
    <testCase name="HomeArticleList &gt;&gt; getCategories" duration="78"/>
    <testCase name="HomeArticleList &gt;&gt; show" duration="114"/>
  </file>
</testExecutions>