<?xml version="1.0" encoding="UTF-8"?>
<testExecutions version="1">
  <file path="/home/toofytroll/Projets/chartman2/frontend-next/test/pages/admin/article/new.spec.js">
    <testCase name="AdminArticleNew &gt;&gt; Vue component" duration="46">
      <failure message="TypeError: this.newArticleForm.reset is not a function"><![CDATA[TypeError: this.newArticleForm.reset is not a function
    at VueComponent.mounted (/home/toofytroll/Projets/chartman2/frontend-next/pages/admin/article/new.vue:156:1)
    at invokeWithErrorHandling (/home/toofytroll/Projets/chartman2/frontend-next/node_modules/vue/dist/vue.common.dev.js:1868:57)
    at callHook (/home/toofytroll/Projets/chartman2/frontend-next/node_modules/vue/dist/vue.common.dev.js:4232:7)
    at Object.insert (/home/toofytroll/Projets/chartman2/frontend-next/node_modules/vue/dist/vue.common.dev.js:3161:7)
    at invokeInsertHook (/home/toofytroll/Projets/chartman2/frontend-next/node_modules/vue/dist/vue.common.dev.js:6381:28)
    at VueComponent.patch [as __patch__] (/home/toofytroll/Projets/chartman2/frontend-next/node_modules/vue/dist/vue.common.dev.js:6598:5)
    at VueComponent.Vue._update (/home/toofytroll/Projets/chartman2/frontend-next/node_modules/vue/dist/vue.common.dev.js:3957:19)
    at VueComponent.updateComponent (/home/toofytroll/Projets/chartman2/frontend-next/node_modules/vue/dist/vue.common.dev.js:4078:10)
    at Watcher.get (/home/toofytroll/Projets/chartman2/frontend-next/node_modules/vue/dist/vue.common.dev.js:4490:25)
    at new Watcher (/home/toofytroll/Projets/chartman2/frontend-next/node_modules/vue/dist/vue.common.dev.js:4479:12)
    at mountComponent (/home/toofytroll/Projets/chartman2/frontend-next/node_modules/vue/dist/vue.common.dev.js:4085:3)
    at VueComponent.Object.<anonymous>.Vue.$mount (/home/toofytroll/Projets/chartman2/frontend-next/node_modules/vue/dist/vue.common.dev.js:9084:10)
    at VueComponent.Object.<anonymous>.Vue.$mount (/home/toofytroll/Projets/chartman2/frontend-next/node_modules/vue/dist/vue.common.dev.js:11989:16)
    at mount (/home/toofytroll/Projets/chartman2/frontend-next/node_modules/@vue/test-utils/dist/vue-test-utils.js:14057:21)
    at shallowMount (/home/toofytroll/Projets/chartman2/frontend-next/node_modules/@vue/test-utils/dist/vue-test-utils.js:14083:10)
    at Object.<anonymous> (/home/toofytroll/Projets/chartman2/frontend-next/test/pages/admin/article/new.spec.js:37:15)
    at Promise.then.completed (/home/toofytroll/Projets/chartman2/frontend-next/node_modules/jest-circus/build/utils.js:390:28)
    at new Promise (<anonymous>)
    at callAsyncCircusFn (/home/toofytroll/Projets/chartman2/frontend-next/node_modules/jest-circus/build/utils.js:315:10)
    at _callCircusHook (/home/toofytroll/Projets/chartman2/frontend-next/node_modules/jest-circus/build/run.js:181:40)
    at processTicksAndRejections (internal/process/task_queues.js:95:5)
    at _runTest (/home/toofytroll/Projets/chartman2/frontend-next/node_modules/jest-circus/build/run.js:148:5)
    at _runTestsForDescribeBlock (/home/toofytroll/Projets/chartman2/frontend-next/node_modules/jest-circus/build/run.js:66:9)
    at _runTestsForDescribeBlock (/home/toofytroll/Projets/chartman2/frontend-next/node_modules/jest-circus/build/run.js:60:9)
    at run (/home/toofytroll/Projets/chartman2/frontend-next/node_modules/jest-circus/build/run.js:25:3)
    at runAndTransformResultsToJestFormat (/home/toofytroll/Projets/chartman2/frontend-next/node_modules/jest-circus/build/legacy-code-todo-rewrite/jestAdapterInit.js:167:21)
    at jestAdapter (/home/toofytroll/Projets/chartman2/frontend-next/node_modules/jest-circus/build/legacy-code-todo-rewrite/jestAdapter.js:82:19)
    at runTestInternal (/home/toofytroll/Projets/chartman2/frontend-next/node_modules/jest-runner/build/runTest.js:389:16)
    at runTest (/home/toofytroll/Projets/chartman2/frontend-next/node_modules/jest-runner/build/runTest.js:475:34)
    at TestRunner.runTests (/home/toofytroll/Projets/chartman2/frontend-next/node_modules/jest-runner/build/index.js:111:12)
    at TestScheduler.scheduleTests (/home/toofytroll/Projets/chartman2/frontend-next/node_modules/@jest/core/build/TestScheduler.js:333:13)
    at runJest (/home/toofytroll/Projets/chartman2/frontend-next/node_modules/@jest/core/build/runJest.js:401:19)
    at _run10000 (/home/toofytroll/Projets/chartman2/frontend-next/node_modules/@jest/core/build/cli/index.js:320:7)
    at runCLI (/home/toofytroll/Projets/chartman2/frontend-next/node_modules/@jest/core/build/cli/index.js:173:3)
    at Object.run (/home/toofytroll/Projets/chartman2/frontend-next/node_modules/jest-cli/build/cli/index.js:155:37)]]></failure>
    </testCase>
    <testCase name="AdminArticleNew &gt;&gt; asyncData - categories.findAll - posts.find" duration="12">
      <failure message="TypeError: this.newArticleForm.reset is not a function"><![CDATA[TypeError: this.newArticleForm.reset is not a function
    at VueComponent.mounted (/home/toofytroll/Projets/chartman2/frontend-next/pages/admin/article/new.vue:156:1)
    at invokeWithErrorHandling (/home/toofytroll/Projets/chartman2/frontend-next/node_modules/vue/dist/vue.common.dev.js:1868:57)
    at callHook (/home/toofytroll/Projets/chartman2/frontend-next/node_modules/vue/dist/vue.common.dev.js:4232:7)
    at Object.insert (/home/toofytroll/Projets/chartman2/frontend-next/node_modules/vue/dist/vue.common.dev.js:3161:7)
    at invokeInsertHook (/home/toofytroll/Projets/chartman2/frontend-next/node_modules/vue/dist/vue.common.dev.js:6381:28)
    at VueComponent.patch [as __patch__] (/home/toofytroll/Projets/chartman2/frontend-next/node_modules/vue/dist/vue.common.dev.js:6598:5)
    at VueComponent.Vue._update (/home/toofytroll/Projets/chartman2/frontend-next/node_modules/vue/dist/vue.common.dev.js:3957:19)
    at VueComponent.updateComponent (/home/toofytroll/Projets/chartman2/frontend-next/node_modules/vue/dist/vue.common.dev.js:4078:10)
    at Watcher.get (/home/toofytroll/Projets/chartman2/frontend-next/node_modules/vue/dist/vue.common.dev.js:4490:25)
    at new Watcher (/home/toofytroll/Projets/chartman2/frontend-next/node_modules/vue/dist/vue.common.dev.js:4479:12)
    at mountComponent (/home/toofytroll/Projets/chartman2/frontend-next/node_modules/vue/dist/vue.common.dev.js:4085:3)
    at VueComponent.Object.<anonymous>.Vue.$mount (/home/toofytroll/Projets/chartman2/frontend-next/node_modules/vue/dist/vue.common.dev.js:9084:10)
    at VueComponent.Object.<anonymous>.Vue.$mount (/home/toofytroll/Projets/chartman2/frontend-next/node_modules/vue/dist/vue.common.dev.js:11989:16)
    at mount (/home/toofytroll/Projets/chartman2/frontend-next/node_modules/@vue/test-utils/dist/vue-test-utils.js:14057:21)
    at shallowMount (/home/toofytroll/Projets/chartman2/frontend-next/node_modules/@vue/test-utils/dist/vue-test-utils.js:14083:10)
    at Object.<anonymous> (/home/toofytroll/Projets/chartman2/frontend-next/test/pages/admin/article/new.spec.js:37:15)
    at Promise.then.completed (/home/toofytroll/Projets/chartman2/frontend-next/node_modules/jest-circus/build/utils.js:390:28)
    at new Promise (<anonymous>)
    at callAsyncCircusFn (/home/toofytroll/Projets/chartman2/frontend-next/node_modules/jest-circus/build/utils.js:315:10)
    at _callCircusHook (/home/toofytroll/Projets/chartman2/frontend-next/node_modules/jest-circus/build/run.js:181:40)
    at processTicksAndRejections (internal/process/task_queues.js:95:5)
    at _runTest (/home/toofytroll/Projets/chartman2/frontend-next/node_modules/jest-circus/build/run.js:148:5)
    at _runTestsForDescribeBlock (/home/toofytroll/Projets/chartman2/frontend-next/node_modules/jest-circus/build/run.js:66:9)
    at _runTestsForDescribeBlock (/home/toofytroll/Projets/chartman2/frontend-next/node_modules/jest-circus/build/run.js:60:9)
    at run (/home/toofytroll/Projets/chartman2/frontend-next/node_modules/jest-circus/build/run.js:25:3)
    at runAndTransformResultsToJestFormat (/home/toofytroll/Projets/chartman2/frontend-next/node_modules/jest-circus/build/legacy-code-todo-rewrite/jestAdapterInit.js:167:21)
    at jestAdapter (/home/toofytroll/Projets/chartman2/frontend-next/node_modules/jest-circus/build/legacy-code-todo-rewrite/jestAdapter.js:82:19)
    at runTestInternal (/home/toofytroll/Projets/chartman2/frontend-next/node_modules/jest-runner/build/runTest.js:389:16)
    at runTest (/home/toofytroll/Projets/chartman2/frontend-next/node_modules/jest-runner/build/runTest.js:475:34)
    at TestRunner.runTests (/home/toofytroll/Projets/chartman2/frontend-next/node_modules/jest-runner/build/index.js:111:12)
    at TestScheduler.scheduleTests (/home/toofytroll/Projets/chartman2/frontend-next/node_modules/@jest/core/build/TestScheduler.js:333:13)
    at runJest (/home/toofytroll/Projets/chartman2/frontend-next/node_modules/@jest/core/build/runJest.js:401:19)
    at _run10000 (/home/toofytroll/Projets/chartman2/frontend-next/node_modules/@jest/core/build/cli/index.js:320:7)
    at runCLI (/home/toofytroll/Projets/chartman2/frontend-next/node_modules/@jest/core/build/cli/index.js:173:3)
    at Object.run (/home/toofytroll/Projets/chartman2/frontend-next/node_modules/jest-cli/build/cli/index.js:155:37)]]></failure>
    </testCase>
    <testCase name="AdminArticleNew &gt;&gt; submitForm" duration="17">
      <failure message="TypeError: this.newArticleForm.reset is not a function"><![CDATA[TypeError: this.newArticleForm.reset is not a function
    at VueComponent.mounted (/home/toofytroll/Projets/chartman2/frontend-next/pages/admin/article/new.vue:156:1)
    at invokeWithErrorHandling (/home/toofytroll/Projets/chartman2/frontend-next/node_modules/vue/dist/vue.common.dev.js:1868:57)
    at callHook (/home/toofytroll/Projets/chartman2/frontend-next/node_modules/vue/dist/vue.common.dev.js:4232:7)
    at Object.insert (/home/toofytroll/Projets/chartman2/frontend-next/node_modules/vue/dist/vue.common.dev.js:3161:7)
    at invokeInsertHook (/home/toofytroll/Projets/chartman2/frontend-next/node_modules/vue/dist/vue.common.dev.js:6381:28)
    at VueComponent.patch [as __patch__] (/home/toofytroll/Projets/chartman2/frontend-next/node_modules/vue/dist/vue.common.dev.js:6598:5)
    at VueComponent.Vue._update (/home/toofytroll/Projets/chartman2/frontend-next/node_modules/vue/dist/vue.common.dev.js:3957:19)
    at VueComponent.updateComponent (/home/toofytroll/Projets/chartman2/frontend-next/node_modules/vue/dist/vue.common.dev.js:4078:10)
    at Watcher.get (/home/toofytroll/Projets/chartman2/frontend-next/node_modules/vue/dist/vue.common.dev.js:4490:25)
    at new Watcher (/home/toofytroll/Projets/chartman2/frontend-next/node_modules/vue/dist/vue.common.dev.js:4479:12)
    at mountComponent (/home/toofytroll/Projets/chartman2/frontend-next/node_modules/vue/dist/vue.common.dev.js:4085:3)
    at VueComponent.Object.<anonymous>.Vue.$mount (/home/toofytroll/Projets/chartman2/frontend-next/node_modules/vue/dist/vue.common.dev.js:9084:10)
    at VueComponent.Object.<anonymous>.Vue.$mount (/home/toofytroll/Projets/chartman2/frontend-next/node_modules/vue/dist/vue.common.dev.js:11989:16)
    at mount (/home/toofytroll/Projets/chartman2/frontend-next/node_modules/@vue/test-utils/dist/vue-test-utils.js:14057:21)
    at shallowMount (/home/toofytroll/Projets/chartman2/frontend-next/node_modules/@vue/test-utils/dist/vue-test-utils.js:14083:10)
    at Object.<anonymous> (/home/toofytroll/Projets/chartman2/frontend-next/test/pages/admin/article/new.spec.js:37:15)
    at Promise.then.completed (/home/toofytroll/Projets/chartman2/frontend-next/node_modules/jest-circus/build/utils.js:390:28)
    at new Promise (<anonymous>)
    at callAsyncCircusFn (/home/toofytroll/Projets/chartman2/frontend-next/node_modules/jest-circus/build/utils.js:315:10)
    at _callCircusHook (/home/toofytroll/Projets/chartman2/frontend-next/node_modules/jest-circus/build/run.js:181:40)
    at processTicksAndRejections (internal/process/task_queues.js:95:5)
    at _runTest (/home/toofytroll/Projets/chartman2/frontend-next/node_modules/jest-circus/build/run.js:148:5)
    at _runTestsForDescribeBlock (/home/toofytroll/Projets/chartman2/frontend-next/node_modules/jest-circus/build/run.js:66:9)
    at _runTestsForDescribeBlock (/home/toofytroll/Projets/chartman2/frontend-next/node_modules/jest-circus/build/run.js:60:9)
    at run (/home/toofytroll/Projets/chartman2/frontend-next/node_modules/jest-circus/build/run.js:25:3)
    at runAndTransformResultsToJestFormat (/home/toofytroll/Projets/chartman2/frontend-next/node_modules/jest-circus/build/legacy-code-todo-rewrite/jestAdapterInit.js:167:21)
    at jestAdapter (/home/toofytroll/Projets/chartman2/frontend-next/node_modules/jest-circus/build/legacy-code-todo-rewrite/jestAdapter.js:82:19)
    at runTestInternal (/home/toofytroll/Projets/chartman2/frontend-next/node_modules/jest-runner/build/runTest.js:389:16)
    at runTest (/home/toofytroll/Projets/chartman2/frontend-next/node_modules/jest-runner/build/runTest.js:475:34)
    at TestRunner.runTests (/home/toofytroll/Projets/chartman2/frontend-next/node_modules/jest-runner/build/index.js:111:12)
    at TestScheduler.scheduleTests (/home/toofytroll/Projets/chartman2/frontend-next/node_modules/@jest/core/build/TestScheduler.js:333:13)
    at runJest (/home/toofytroll/Projets/chartman2/frontend-next/node_modules/@jest/core/build/runJest.js:401:19)
    at _run10000 (/home/toofytroll/Projets/chartman2/frontend-next/node_modules/@jest/core/build/cli/index.js:320:7)
    at runCLI (/home/toofytroll/Projets/chartman2/frontend-next/node_modules/@jest/core/build/cli/index.js:173:3)
    at Object.run (/home/toofytroll/Projets/chartman2/frontend-next/node_modules/jest-cli/build/cli/index.js:155:37)]]></failure>
    </testCase>
    <testCase name="AdminArticleNew &gt;&gt; router.back" duration="13">
      <failure message="TypeError: this.newArticleForm.reset is not a function"><![CDATA[TypeError: this.newArticleForm.reset is not a function
    at VueComponent.mounted (/home/toofytroll/Projets/chartman2/frontend-next/pages/admin/article/new.vue:156:1)
    at invokeWithErrorHandling (/home/toofytroll/Projets/chartman2/frontend-next/node_modules/vue/dist/vue.common.dev.js:1868:57)
    at callHook (/home/toofytroll/Projets/chartman2/frontend-next/node_modules/vue/dist/vue.common.dev.js:4232:7)
    at Object.insert (/home/toofytroll/Projets/chartman2/frontend-next/node_modules/vue/dist/vue.common.dev.js:3161:7)
    at invokeInsertHook (/home/toofytroll/Projets/chartman2/frontend-next/node_modules/vue/dist/vue.common.dev.js:6381:28)
    at VueComponent.patch [as __patch__] (/home/toofytroll/Projets/chartman2/frontend-next/node_modules/vue/dist/vue.common.dev.js:6598:5)
    at VueComponent.Vue._update (/home/toofytroll/Projets/chartman2/frontend-next/node_modules/vue/dist/vue.common.dev.js:3957:19)
    at VueComponent.updateComponent (/home/toofytroll/Projets/chartman2/frontend-next/node_modules/vue/dist/vue.common.dev.js:4078:10)
    at Watcher.get (/home/toofytroll/Projets/chartman2/frontend-next/node_modules/vue/dist/vue.common.dev.js:4490:25)
    at new Watcher (/home/toofytroll/Projets/chartman2/frontend-next/node_modules/vue/dist/vue.common.dev.js:4479:12)
    at mountComponent (/home/toofytroll/Projets/chartman2/frontend-next/node_modules/vue/dist/vue.common.dev.js:4085:3)
    at VueComponent.Object.<anonymous>.Vue.$mount (/home/toofytroll/Projets/chartman2/frontend-next/node_modules/vue/dist/vue.common.dev.js:9084:10)
    at VueComponent.Object.<anonymous>.Vue.$mount (/home/toofytroll/Projets/chartman2/frontend-next/node_modules/vue/dist/vue.common.dev.js:11989:16)
    at mount (/home/toofytroll/Projets/chartman2/frontend-next/node_modules/@vue/test-utils/dist/vue-test-utils.js:14057:21)
    at shallowMount (/home/toofytroll/Projets/chartman2/frontend-next/node_modules/@vue/test-utils/dist/vue-test-utils.js:14083:10)
    at Object.<anonymous> (/home/toofytroll/Projets/chartman2/frontend-next/test/pages/admin/article/new.spec.js:37:15)
    at Promise.then.completed (/home/toofytroll/Projets/chartman2/frontend-next/node_modules/jest-circus/build/utils.js:390:28)
    at new Promise (<anonymous>)
    at callAsyncCircusFn (/home/toofytroll/Projets/chartman2/frontend-next/node_modules/jest-circus/build/utils.js:315:10)
    at _callCircusHook (/home/toofytroll/Projets/chartman2/frontend-next/node_modules/jest-circus/build/run.js:181:40)
    at processTicksAndRejections (internal/process/task_queues.js:95:5)
    at _runTest (/home/toofytroll/Projets/chartman2/frontend-next/node_modules/jest-circus/build/run.js:148:5)
    at _runTestsForDescribeBlock (/home/toofytroll/Projets/chartman2/frontend-next/node_modules/jest-circus/build/run.js:66:9)
    at _runTestsForDescribeBlock (/home/toofytroll/Projets/chartman2/frontend-next/node_modules/jest-circus/build/run.js:60:9)
    at run (/home/toofytroll/Projets/chartman2/frontend-next/node_modules/jest-circus/build/run.js:25:3)
    at runAndTransformResultsToJestFormat (/home/toofytroll/Projets/chartman2/frontend-next/node_modules/jest-circus/build/legacy-code-todo-rewrite/jestAdapterInit.js:167:21)
    at jestAdapter (/home/toofytroll/Projets/chartman2/frontend-next/node_modules/jest-circus/build/legacy-code-todo-rewrite/jestAdapter.js:82:19)
    at runTestInternal (/home/toofytroll/Projets/chartman2/frontend-next/node_modules/jest-runner/build/runTest.js:389:16)
    at runTest (/home/toofytroll/Projets/chartman2/frontend-next/node_modules/jest-runner/build/runTest.js:475:34)
    at TestRunner.runTests (/home/toofytroll/Projets/chartman2/frontend-next/node_modules/jest-runner/build/index.js:111:12)
    at TestScheduler.scheduleTests (/home/toofytroll/Projets/chartman2/frontend-next/node_modules/@jest/core/build/TestScheduler.js:333:13)
    at runJest (/home/toofytroll/Projets/chartman2/frontend-next/node_modules/@jest/core/build/runJest.js:401:19)
    at _run10000 (/home/toofytroll/Projets/chartman2/frontend-next/node_modules/@jest/core/build/cli/index.js:320:7)
    at runCLI (/home/toofytroll/Projets/chartman2/frontend-next/node_modules/@jest/core/build/cli/index.js:173:3)
    at Object.run (/home/toofytroll/Projets/chartman2/frontend-next/node_modules/jest-cli/build/cli/index.js:155:37)]]></failure>
    </testCase>
    <testCase name="AdminArticleNew &gt;&gt; rules" duration="11">
      <failure message="TypeError: this.newArticleForm.reset is not a function"><![CDATA[TypeError: this.newArticleForm.reset is not a function
    at VueComponent.mounted (/home/toofytroll/Projets/chartman2/frontend-next/pages/admin/article/new.vue:156:1)
    at invokeWithErrorHandling (/home/toofytroll/Projets/chartman2/frontend-next/node_modules/vue/dist/vue.common.dev.js:1868:57)
    at callHook (/home/toofytroll/Projets/chartman2/frontend-next/node_modules/vue/dist/vue.common.dev.js:4232:7)
    at Object.insert (/home/toofytroll/Projets/chartman2/frontend-next/node_modules/vue/dist/vue.common.dev.js:3161:7)
    at invokeInsertHook (/home/toofytroll/Projets/chartman2/frontend-next/node_modules/vue/dist/vue.common.dev.js:6381:28)
    at VueComponent.patch [as __patch__] (/home/toofytroll/Projets/chartman2/frontend-next/node_modules/vue/dist/vue.common.dev.js:6598:5)
    at VueComponent.Vue._update (/home/toofytroll/Projets/chartman2/frontend-next/node_modules/vue/dist/vue.common.dev.js:3957:19)
    at VueComponent.updateComponent (/home/toofytroll/Projets/chartman2/frontend-next/node_modules/vue/dist/vue.common.dev.js:4078:10)
    at Watcher.get (/home/toofytroll/Projets/chartman2/frontend-next/node_modules/vue/dist/vue.common.dev.js:4490:25)
    at new Watcher (/home/toofytroll/Projets/chartman2/frontend-next/node_modules/vue/dist/vue.common.dev.js:4479:12)
    at mountComponent (/home/toofytroll/Projets/chartman2/frontend-next/node_modules/vue/dist/vue.common.dev.js:4085:3)
    at VueComponent.Object.<anonymous>.Vue.$mount (/home/toofytroll/Projets/chartman2/frontend-next/node_modules/vue/dist/vue.common.dev.js:9084:10)
    at VueComponent.Object.<anonymous>.Vue.$mount (/home/toofytroll/Projets/chartman2/frontend-next/node_modules/vue/dist/vue.common.dev.js:11989:16)
    at mount (/home/toofytroll/Projets/chartman2/frontend-next/node_modules/@vue/test-utils/dist/vue-test-utils.js:14057:21)
    at shallowMount (/home/toofytroll/Projets/chartman2/frontend-next/node_modules/@vue/test-utils/dist/vue-test-utils.js:14083:10)
    at Object.<anonymous> (/home/toofytroll/Projets/chartman2/frontend-next/test/pages/admin/article/new.spec.js:37:15)
    at Promise.then.completed (/home/toofytroll/Projets/chartman2/frontend-next/node_modules/jest-circus/build/utils.js:390:28)
    at new Promise (<anonymous>)
    at callAsyncCircusFn (/home/toofytroll/Projets/chartman2/frontend-next/node_modules/jest-circus/build/utils.js:315:10)
    at _callCircusHook (/home/toofytroll/Projets/chartman2/frontend-next/node_modules/jest-circus/build/run.js:181:40)
    at processTicksAndRejections (internal/process/task_queues.js:95:5)
    at _runTest (/home/toofytroll/Projets/chartman2/frontend-next/node_modules/jest-circus/build/run.js:148:5)
    at _runTestsForDescribeBlock (/home/toofytroll/Projets/chartman2/frontend-next/node_modules/jest-circus/build/run.js:66:9)
    at _runTestsForDescribeBlock (/home/toofytroll/Projets/chartman2/frontend-next/node_modules/jest-circus/build/run.js:60:9)
    at run (/home/toofytroll/Projets/chartman2/frontend-next/node_modules/jest-circus/build/run.js:25:3)
    at runAndTransformResultsToJestFormat (/home/toofytroll/Projets/chartman2/frontend-next/node_modules/jest-circus/build/legacy-code-todo-rewrite/jestAdapterInit.js:167:21)
    at jestAdapter (/home/toofytroll/Projets/chartman2/frontend-next/node_modules/jest-circus/build/legacy-code-todo-rewrite/jestAdapter.js:82:19)
    at runTestInternal (/home/toofytroll/Projets/chartman2/frontend-next/node_modules/jest-runner/build/runTest.js:389:16)
    at runTest (/home/toofytroll/Projets/chartman2/frontend-next/node_modules/jest-runner/build/runTest.js:475:34)
    at TestRunner.runTests (/home/toofytroll/Projets/chartman2/frontend-next/node_modules/jest-runner/build/index.js:111:12)
    at TestScheduler.scheduleTests (/home/toofytroll/Projets/chartman2/frontend-next/node_modules/@jest/core/build/TestScheduler.js:333:13)
    at runJest (/home/toofytroll/Projets/chartman2/frontend-next/node_modules/@jest/core/build/runJest.js:401:19)
    at _run10000 (/home/toofytroll/Projets/chartman2/frontend-next/node_modules/@jest/core/build/cli/index.js:320:7)
    at runCLI (/home/toofytroll/Projets/chartman2/frontend-next/node_modules/@jest/core/build/cli/index.js:173:3)
    at Object.run (/home/toofytroll/Projets/chartman2/frontend-next/node_modules/jest-cli/build/cli/index.js:155:37)]]></failure>
    </testCase>
  </file>
</testExecutions>