<?xml version="1.0" encoding="UTF-8"?>
<testExecutions version="1">
  <file path="/home/toofytroll/Projets/chartman2/frontend-next/test/pages/error.spec.js">
    <testCase name="ErrorPage &gt;&gt; Vue component" duration="18"/>
    <testCase name="ErrorPage &gt;&gt; data" duration="5"/>
  </file>
</testExecutions>