<?xml version="1.0" encoding="UTF-8"?>
<testExecutions version="1">
  <file path="/home/jenkins/workspace/man2-dev_chartman2-frontend_main/test/pages/admin/article/_id.spec.js">
    <testCase name="AdminArticleId &gt;&gt; Vue component" duration="66"/>
    <testCase name="AdminArticleId &gt;&gt; asyncData - categories.findAll - posts.find" duration="47"/>
    <testCase name="AdminArticleId &gt;&gt; initialize" duration="41"/>
    <testCase name="AdminArticleId &gt;&gt; submitForm" duration="37"/>
    <testCase name="AdminArticleId &gt;&gt; router.back" duration="31"/>
    <testCase name="AdminArticleId &gt;&gt; rules" duration="44"/>
  </file>
  <file path="/home/jenkins/workspace/man2-dev_chartman2-frontend_main/test/components/Home/HomeArticleList.spec.js">
    <testCase name="HomeArticleList &gt;&gt; Vue component" duration="545"/>
    <testCase name="HomeArticleList &gt;&gt; pathNew getter" duration="133"/>
    <testCase name="HomeArticleList &gt;&gt; pathEdit getter" duration="127"/>
    <testCase name="HomeArticleList &gt;&gt; formatedCategories" duration="125"/>
    <testCase name="HomeArticleList &gt;&gt; confirmDestroy" duration="129"/>
    <testCase name="HomeArticleList &gt;&gt; edit" duration="123"/>
    <testCase name="HomeArticleList &gt;&gt; destroy" duration="137"/>
    <testCase name="HomeArticleList &gt;&gt; getCategories" duration="130"/>
    <testCase name="HomeArticleList &gt;&gt; show" duration="133"/>
  </file>
  <file path="/home/jenkins/workspace/man2-dev_chartman2-frontend_main/test/pages/tutorials/article/_id.spec.js">
    <testCase name="TutorialsArticle &gt;&gt; Vue component" duration="264"/>
    <testCase name="TutorialsArticle &gt;&gt; asyncData - articles.find" duration="135"/>
    <testCase name="TutorialsArticle &gt;&gt; router.back" duration="114"/>
  </file>
  <file path="/home/jenkins/workspace/man2-dev_chartman2-frontend_main/test/pages/admin/article/new.spec.js">
    <testCase name="AdminArticleNew &gt;&gt; Vue component" duration="86"/>
    <testCase name="AdminArticleNew &gt;&gt; asyncData - categories.findAll - posts.find" duration="80"/>
    <testCase name="AdminArticleNew &gt;&gt; submitForm" duration="86"/>
    <testCase name="AdminArticleNew &gt;&gt; router.back" duration="41"/>
    <testCase name="AdminArticleNew &gt;&gt; rules" duration="20"/>
  </file>
  <file path="/home/jenkins/workspace/man2-dev_chartman2-frontend_main/test/components/Blog/BlogInformation.spec.js">
    <testCase name="BlogInformation &gt;&gt; Vue component" duration="93"/>
    <testCase name="BlogInformation &gt;&gt; itemTypeOf" duration="88"/>
  </file>
  <file path="/home/jenkins/workspace/man2-dev_chartman2-frontend_main/test/components/Base/BaseIcon.spec.js">
    <testCase name="BaseIcon &gt;&gt; Vue component" duration="9"/>
  </file>
  <file path="/home/jenkins/workspace/man2-dev_chartman2-frontend_main/test/pages/index.spec.js">
    <testCase name="HomePage &gt;&gt; Vue component" duration="2"/>
  </file>
  <file path="/home/jenkins/workspace/man2-dev_chartman2-frontend_main/test/components/Home/Login.spec.js">
    <testCase name="Login &gt;&gt; Vue component" duration="19"/>
    <testCase name="Login &gt;&gt; userLogin" duration="17"/>
    <testCase name="Login &gt;&gt; logout" duration="21"/>
    <testCase name="Login &gt;&gt; setUserToken" duration="16"/>
    <testCase name="Login &gt;&gt; Emit - onLoginDone" duration="15"/>
    <testCase name="Login &gt;&gt; rules" duration="16"/>
  </file>
  <file path="/home/jenkins/workspace/man2-dev_chartman2-frontend_main/test/components/Base/BaseInformation.spec.js">
    <testCase name="BaseInformation &gt;&gt; Vue component" duration="13"/>
    <testCase name="BaseInformation &gt;&gt; avatarColor getter" duration="10"/>
    <testCase name="BaseInformation &gt;&gt; typeIconImage getter" duration="17"/>
    <testCase name="BaseInformation &gt;&gt; icon getter" duration="10"/>
    <testCase name="BaseInformation &gt;&gt; iconColor getter" duration="10"/>
    <testCase name="BaseInformation &gt;&gt; iconHeight getter" duration="10"/>
    <testCase name="BaseInformation &gt;&gt; image getter" duration="11"/>
    <testCase name="BaseInformation &gt;&gt; text getter" duration="17"/>
    <testCase name="BaseInformation &gt;&gt; textContentClass getter" duration="19"/>
    <testCase name="BaseInformation &gt;&gt; content getter" duration="10"/>
    <testCase name="BaseInformation &gt;&gt; textClass getter" duration="16"/>
  </file>
  <file path="/home/jenkins/workspace/man2-dev_chartman2-frontend_main/test/components/Home/Register.spec.js">
    <testCase name="Register &gt;&gt; Vue component" duration="26"/>
    <testCase name="Register &gt;&gt; passwordMatch" duration="18"/>
    <testCase name="Register &gt;&gt; register" duration="15"/>
    <testCase name="Register &gt;&gt; rules" duration="16"/>
    <testCase name="Register &gt;&gt; passwordMatch" duration="24"/>
  </file>
  <file path="/home/jenkins/workspace/man2-dev_chartman2-frontend_main/test/pages/admin/category/_id.spec.js">
    <testCase name="AdminCategoryId &gt;&gt; Vue component" duration="29"/>
    <testCase name="AdminCategoryId &gt;&gt; asyncData - categories.find" duration="17"/>
    <testCase name="AdminCategoryId &gt;&gt; initialize" duration="18"/>
    <testCase name="AdminCategoryId &gt;&gt; submitForm" duration="25"/>
    <testCase name="AdminCategoryId &gt;&gt; router.back" duration="15"/>
    <testCase name="AdminCategoryId &gt;&gt; rule" duration="15"/>
  </file>
  <file path="/home/jenkins/workspace/man2-dev_chartman2-frontend_main/test/components/Home/HomeCategoryList.spec.js">
    <testCase name="HomeCategoryList &gt;&gt; Vue component" duration="17"/>
    <testCase name="HomeCategoryList &gt;&gt; pathNew getter" duration="17"/>
    <testCase name="HomeCategoryList &gt;&gt; pathEdit getter" duration="22"/>
    <testCase name="HomeCategoryList &gt;&gt; confirmDestroy" duration="16"/>
    <testCase name="HomeCategoryList &gt;&gt; edit" duration="13"/>
    <testCase name="HomeCategoryList &gt;&gt; destroy" duration="16"/>
  </file>
  <file path="/home/jenkins/workspace/man2-dev_chartman2-frontend_main/test/components/Base/BaseAvatar.spec.js">
    <testCase name="BaseAvatar &gt;&gt; Vue component" duration="13"/>
    <testCase name="BaseAvatar &gt;&gt; classes getter" duration="9"/>
    <testCase name="BaseAvatar &gt;&gt; outlineSize getter" duration="15"/>
    <testCase name="BaseAvatar &gt;&gt; styles getter" duration="10"/>
  </file>
  <file path="/home/jenkins/workspace/man2-dev_chartman2-frontend_main/test/components/Blog/Presentation.spec.js">
    <testCase name="Presentation &gt;&gt; Vue component" duration="26"/>
    <testCase name="Presentation &gt;&gt; getCategories" duration="18"/>
    <testCase name="Presentation &gt;&gt; getCategoryId" duration="26"/>
    <testCase name="Presentation &gt;&gt; goTo" duration="20"/>
  </file>
  <file path="/home/jenkins/workspace/man2-dev_chartman2-frontend_main/test/components/Home/View.spec.js">
    <testCase name="FadeView &gt;&gt; Vue component" duration="9"/>
  </file>
  <file path="/home/jenkins/workspace/man2-dev_chartman2-frontend_main/test/components/Blog/Skills.spec.js">
    <testCase name="Skills &gt;&gt; Vue component" duration="40"/>
    <testCase name="Skills &gt;&gt; itemTypeOf" duration="47"/>
  </file>
  <file path="/home/jenkins/workspace/man2-dev_chartman2-frontend_main/test/pages/tutorials/category/_id.spec.js">
    <testCase name="TutorialsCategory &gt;&gt; Vue component" duration="14"/>
    <testCase name="TutorialsCategory &gt;&gt; asyncData - articles.category" duration="19"/>
    <testCase name="TutorialsCategory &gt;&gt; goToArticle" duration="11"/>
    <testCase name="TutorialsCategory &gt;&gt; router.back" duration="11"/>
  </file>
  <file path="/home/jenkins/workspace/man2-dev_chartman2-frontend_main/test/components/Home/HomeAppBar.spec.js">
    <testCase name="HomeAppBar &gt;&gt; Vue component" duration="25"/>
    <testCase name="HomeAppBar &gt;&gt; items getter" duration="27"/>
  </file>
  <file path="/home/jenkins/workspace/man2-dev_chartman2-frontend_main/test/pages/admin/category/new.spec.js">
    <testCase name="AdminCategoryNew &gt;&gt; Vue component" duration="17"/>
    <testCase name="AdminCategoryNew &gt;&gt; submitForm" duration="20"/>
    <testCase name="AdminCategoryNew &gt;&gt; router.back" duration="15"/>
    <testCase name="AdminCategoryNew &gt;&gt; rule" duration="13"/>
  </file>
  <file path="/home/jenkins/workspace/man2-dev_chartman2-frontend_main/test/pages/admin/index.spec.js">
    <testCase name="IndexAdmin &gt;&gt; Vue component" duration="29"/>
    <testCase name="IndexAdmin &gt;&gt; onLoginDone" duration="25"/>
  </file>
  <file path="/home/jenkins/workspace/man2-dev_chartman2-frontend_main/test/components/Home/HomeList.spec.js">
    <testCase name="HomeList &gt;&gt; Vue component" duration="14"/>
    <testCase name="HomeList &gt;&gt; itemComponentInstance getter" duration="13"/>
    <testCase name="HomeList &gt;&gt; pathNew getter" duration="19"/>
    <testCase name="HomeList &gt;&gt; router.back" duration="11"/>
  </file>
  <file path="/home/jenkins/workspace/man2-dev_chartman2-frontend_main/test/pages/default.spec.js">
    <testCase name="DefaultPage &gt;&gt; Vue component" duration="1"/>
  </file>
  <file path="/home/jenkins/workspace/man2-dev_chartman2-frontend_main/test/components/Home/HomeNew.spec.js">
    <testCase name="HomeNew &gt;&gt; Vue component" duration="13"/>
    <testCase name="HomeNew &gt;&gt; pathNew getter" duration="11"/>
    <testCase name="HomeNew &gt;&gt; pathEdit getter" duration="10"/>
  </file>
  <file path="/home/jenkins/workspace/man2-dev_chartman2-frontend_main/test/pages/admin/cards.spec.js">
    <testCase name="CardsAdmin &gt;&gt; Vue component" duration="25"/>
  </file>
  <file path="/home/jenkins/workspace/man2-dev_chartman2-frontend_main/test/pages/admin/category/index.spec.js">
    <testCase name="AdminCategory &gt;&gt; Vue component" duration="18"/>
    <testCase name="AdminCategory &gt;&gt; asyncData - categories.findAll" duration="21"/>
  </file>
  <file path="/home/jenkins/workspace/man2-dev_chartman2-frontend_main/test/pages/tutorials/index.spec.js">
    <testCase name="IndexTutorials &gt;&gt; Vue component" duration="13"/>
    <testCase name="IndexTutorials &gt;&gt; asyncData - articles.categories" duration="19"/>
    <testCase name="IndexTutorials &gt;&gt; goToCategory" duration="10"/>
  </file>
  <file path="/home/jenkins/workspace/man2-dev_chartman2-frontend_main/test/pages/admin/article/index.spec.js">
    <testCase name="AdminArticle &gt;&gt; Vue component" duration="11"/>
    <testCase name="AdminArticle &gt;&gt; asyncData - posts.findAll" duration="15"/>
  </file>
  <file path="/home/jenkins/workspace/man2-dev_chartman2-frontend_main/test/components/Home/HomeFooter.spec.js">
    <testCase name="HomeFooter &gt;&gt; Vue component" duration="15"/>
    <testCase name="HomeFooter &gt;&gt; social getter" duration="12"/>
  </file>
  <file path="/home/jenkins/workspace/man2-dev_chartman2-frontend_main/test/components/Base/BaseBtn.spec.js">
    <testCase name="BaseBtn &gt;&gt; Vue component" duration="9"/>
  </file>
  <file path="/home/jenkins/workspace/man2-dev_chartman2-frontend_main/test/pages/authenticate.spec.js">
    <testCase name="Authenticate &gt;&gt; Vue component" duration="1"/>
  </file>
  <file path="/home/jenkins/workspace/man2-dev_chartman2-frontend_main/test/pages/error.spec.js">
    <testCase name="ErrorPage &gt;&gt; Vue component" duration="10"/>
    <testCase name="ErrorPage &gt;&gt; data" duration="8"/>
  </file>
  <file path="/home/jenkins/workspace/man2-dev_chartman2-frontend_main/test/components/Home/HomeDrawer.spec.js">
    <testCase name="HomeDrawer &gt;&gt; Vue component" duration="17"/>
  </file>
  <file path="/home/jenkins/workspace/man2-dev_chartman2-frontend_main/test/components/Base/BaseImage.spec.js">
    <testCase name="BaseImage &gt;&gt; Vue component" duration="8"/>
  </file>
  <file path="/home/jenkins/workspace/man2-dev_chartman2-frontend_main/test/components/Home/HomeCard.spec.js">
    <testCase name="HomeCard &gt;&gt; Vue component" duration="14"/>
  </file>
  <file path="/home/jenkins/workspace/man2-dev_chartman2-frontend_main/test/store/mainModule.spec.js">
    <testCase name="PostStore &gt;&gt; isSnackbarVisible" duration="2"/>
    <testCase name="PostStore &gt;&gt; getSnackbarText" duration="1"/>
    <testCase name="PostStore &gt;&gt; showSnackbar" duration="2"/>
    <testCase name="PostStore &gt;&gt; closeSnackbar" duration="0"/>
  </file>
  <file path="/home/jenkins/workspace/man2-dev_chartman2-frontend_main/test/NuxtLogo.spec.js">
    <testCase name="NuxtLogo is a Vue instance" duration="16"/>
  </file>
</testExecutions>