<?xml version="1.0" encoding="UTF-8"?>
<testExecutions version="1">
  <file path="/home/toofytroll/Projets/chartman2/frontend-next/test/pages/redirect.spec.js">
    <testCase name="HomePage &gt;&gt; Vue component" duration="3"/>
    <testCase name="HomePage &gt;&gt; redirect" duration="1"/>
  </file>
</testExecutions>