<?xml version="1.0" encoding="UTF-8"?>
<testExecutions version="1">
  <file path="/home/toofytroll/Projets/chartman2/frontend-next/test/components/Home/Register.spec.js">
    <testCase name="Register &gt;&gt; Vue component" duration="21"/>
    <testCase name="Register &gt;&gt; passwordMatch" duration="10"/>
    <testCase name="Register &gt;&gt; register" duration="9"/>
    <testCase name="Register &gt;&gt; rules" duration="10"/>
    <testCase name="Register &gt;&gt; passwordMatch" duration="14"/>
  </file>
</testExecutions>